mode: set
github.com/zylo-lang/zylo/cmd/zylo/main.go:13.13,14.22 1 0
github.com/zylo-lang/zylo/cmd/zylo/main.go:14.22,17.3 2 0
github.com/zylo-lang/zylo/cmd/zylo/main.go:19.2,21.17 2 0
github.com/zylo-lang/zylo/cmd/zylo/main.go:22.15,23.23 1 0
github.com/zylo-lang/zylo/cmd/zylo/main.go:23.23,26.4 2 0
github.com/zylo-lang/zylo/cmd/zylo/main.go:27.3,27.24 1 0
github.com/zylo-lang/zylo/cmd/zylo/main.go:28.13,29.23 1 0
github.com/zylo-lang/zylo/cmd/zylo/main.go:29.23,32.4 2 0
github.com/zylo-lang/zylo/cmd/zylo/main.go:33.3,33.22 1 0
github.com/zylo-lang/zylo/cmd/zylo/main.go:34.14,35.15 1 0
github.com/zylo-lang/zylo/cmd/zylo/main.go:36.10,39.13 3 0
github.com/zylo-lang/zylo/cmd/zylo/main.go:43.19,49.2 5 0
github.com/zylo-lang/zylo/cmd/zylo/main.go:51.33,53.53 1 0
github.com/zylo-lang/zylo/cmd/zylo/main.go:53.53,56.3 2 0
github.com/zylo-lang/zylo/cmd/zylo/main.go:59.2,59.64 1 0
github.com/zylo-lang/zylo/cmd/zylo/main.go:59.64,62.3 2 0
github.com/zylo-lang/zylo/cmd/zylo/main.go:64.2,68.16 3 0
github.com/zylo-lang/zylo/cmd/zylo/main.go:68.16,71.3 2 0
github.com/zylo-lang/zylo/cmd/zylo/main.go:74.2,78.25 4 0
github.com/zylo-lang/zylo/cmd/zylo/main.go:78.25,80.34 2 0
github.com/zylo-lang/zylo/cmd/zylo/main.go:80.34,82.4 1 0
github.com/zylo-lang/zylo/cmd/zylo/main.go:83.3,83.13 1 0
github.com/zylo-lang/zylo/cmd/zylo/main.go:87.2,89.16 3 0
github.com/zylo-lang/zylo/cmd/zylo/main.go:89.16,92.3 2 0
github.com/zylo-lang/zylo/cmd/zylo/main.go:95.2,97.16 3 0
github.com/zylo-lang/zylo/cmd/zylo/main.go:97.16,100.3 2 0
github.com/zylo-lang/zylo/cmd/zylo/main.go:102.2,103.54 2 0
github.com/zylo-lang/zylo/cmd/zylo/main.go:106.31,108.53 1 0
github.com/zylo-lang/zylo/cmd/zylo/main.go:108.53,111.3 2 0
github.com/zylo-lang/zylo/cmd/zylo/main.go:114.2,114.64 1 0
github.com/zylo-lang/zylo/cmd/zylo/main.go:114.64,117.3 2 0
github.com/zylo-lang/zylo/cmd/zylo/main.go:119.2,123.16 3 0
github.com/zylo-lang/zylo/cmd/zylo/main.go:123.16,126.3 2 0
github.com/zylo-lang/zylo/cmd/zylo/main.go:129.2,133.25 4 0
github.com/zylo-lang/zylo/cmd/zylo/main.go:133.25,135.34 2 0
github.com/zylo-lang/zylo/cmd/zylo/main.go:135.34,137.4 1 0
github.com/zylo-lang/zylo/cmd/zylo/main.go:138.3,138.13 1 0
github.com/zylo-lang/zylo/cmd/zylo/main.go:142.2,142.49 1 0
github.com/zylo-lang/zylo/cmd/zylo/main.go:142.49,145.3 2 0
github.com/zylo-lang/zylo/cmd/zylo/main.go:148.2,151.16 3 0
github.com/zylo-lang/zylo/cmd/zylo/main.go:151.16,154.3 2 0
github.com/zylo-lang/zylo/cmd/zylo/main.go:156.2,156.55 1 0
github.com/zylo-lang/zylo/test_calculator.go:12.35,15.16 2 0
github.com/zylo-lang/zylo/test_calculator.go:15.16,17.3 1 0
github.com/zylo-lang/zylo/test_calculator.go:19.2,27.25 6 0
github.com/zylo-lang/zylo/test_calculator.go:27.25,29.34 2 0
github.com/zylo-lang/zylo/test_calculator.go:29.34,31.4 1 0
github.com/zylo-lang/zylo/test_calculator.go:32.3,32.32 1 0
github.com/zylo-lang/zylo/test_calculator.go:36.2,38.16 3 0
github.com/zylo-lang/zylo/test_calculator.go:38.16,40.3 1 0
github.com/zylo-lang/zylo/test_calculator.go:42.2,42.54 1 0
github.com/zylo-lang/zylo/internal/ast/ast.go:32.41,33.27 1 0
github.com/zylo-lang/zylo/internal/ast/ast.go:33.27,35.3 1 0
github.com/zylo-lang/zylo/internal/ast/ast.go:36.2,36.11 1 0
github.com/zylo-lang/zylo/internal/ast/ast.go:39.35,41.33 2 0
github.com/zylo-lang/zylo/internal/ast/ast.go:41.33,43.3 1 0
github.com/zylo-lang/zylo/internal/ast/ast.go:44.2,44.12 1 0
github.com/zylo-lang/zylo/internal/ast/ast.go:53.51,53.52 0 0
github.com/zylo-lang/zylo/internal/ast/ast.go:54.51,54.52 0 0
github.com/zylo-lang/zylo/internal/ast/ast.go:55.50,55.76 1 0
github.com/zylo-lang/zylo/internal/ast/ast.go:56.44,58.26 2 0
github.com/zylo-lang/zylo/internal/ast/ast.go:58.26,60.3 1 0
github.com/zylo-lang/zylo/internal/ast/ast.go:61.2,62.12 2 0
github.com/zylo-lang/zylo/internal/ast/ast.go:72.48,72.49 0 0
github.com/zylo-lang/zylo/internal/ast/ast.go:73.47,73.73 1 0
github.com/zylo-lang/zylo/internal/ast/ast.go:74.41,77.20 3 0
github.com/zylo-lang/zylo/internal/ast/ast.go:77.20,79.3 1 0
github.com/zylo-lang/zylo/internal/ast/ast.go:80.2,81.21 2 0
github.com/zylo-lang/zylo/internal/ast/ast.go:81.21,83.3 1 0
github.com/zylo-lang/zylo/internal/ast/ast.go:84.2,85.12 2 0
github.com/zylo-lang/zylo/internal/ast/ast.go:94.45,94.46 0 0
github.com/zylo-lang/zylo/internal/ast/ast.go:95.44,95.69 1 0
github.com/zylo-lang/zylo/internal/ast/ast.go:96.44,96.62 1 0
github.com/zylo-lang/zylo/internal/ast/ast.go:104.55,104.56 0 0
github.com/zylo-lang/zylo/internal/ast/ast.go:105.54,105.80 1 0
github.com/zylo-lang/zylo/internal/ast/ast.go:106.48,107.26 1 0
github.com/zylo-lang/zylo/internal/ast/ast.go:107.26,109.3 1 0
github.com/zylo-lang/zylo/internal/ast/ast.go:110.2,110.11 1 0
github.com/zylo-lang/zylo/internal/ast/ast.go:121.49,121.50 0 0
github.com/zylo-lang/zylo/internal/ast/ast.go:122.48,122.74 1 0
github.com/zylo-lang/zylo/internal/ast/ast.go:123.42,125.34 2 0
github.com/zylo-lang/zylo/internal/ast/ast.go:125.34,127.3 1 0
github.com/zylo-lang/zylo/internal/ast/ast.go:128.2,129.25 2 0
github.com/zylo-lang/zylo/internal/ast/ast.go:129.25,131.3 1 0
github.com/zylo-lang/zylo/internal/ast/ast.go:132.2,132.128 1 0
github.com/zylo-lang/zylo/internal/ast/ast.go:141.51,141.52 0 0
github.com/zylo-lang/zylo/internal/ast/ast.go:142.50,142.76 1 0
github.com/zylo-lang/zylo/internal/ast/ast.go:143.44,146.27 3 0
github.com/zylo-lang/zylo/internal/ast/ast.go:146.27,148.3 1 0
github.com/zylo-lang/zylo/internal/ast/ast.go:149.2,150.12 2 0
github.com/zylo-lang/zylo/internal/ast/ast.go:159.50,159.51 0 0
github.com/zylo-lang/zylo/internal/ast/ast.go:160.49,160.75 1 0
github.com/zylo-lang/zylo/internal/ast/ast.go:161.43,163.34 2 0
github.com/zylo-lang/zylo/internal/ast/ast.go:163.34,165.3 1 0
github.com/zylo-lang/zylo/internal/ast/ast.go:166.2,166.12 1 0
github.com/zylo-lang/zylo/internal/ast/ast.go:177.50,177.51 0 0
github.com/zylo-lang/zylo/internal/ast/ast.go:178.49,178.75 1 0
github.com/zylo-lang/zylo/internal/ast/ast.go:179.43,181.26 2 0
github.com/zylo-lang/zylo/internal/ast/ast.go:181.26,183.3 1 0
github.com/zylo-lang/zylo/internal/ast/ast.go:184.2,185.24 2 0
github.com/zylo-lang/zylo/internal/ast/ast.go:185.24,187.3 1 0
github.com/zylo-lang/zylo/internal/ast/ast.go:188.2,189.20 2 0
github.com/zylo-lang/zylo/internal/ast/ast.go:189.20,191.3 1 0
github.com/zylo-lang/zylo/internal/ast/ast.go:192.2,192.12 1 0
github.com/zylo-lang/zylo/internal/ast/ast.go:203.48,203.49 0 0
github.com/zylo-lang/zylo/internal/ast/ast.go:204.47,204.73 1 0
github.com/zylo-lang/zylo/internal/ast/ast.go:205.41,207.24 2 0
github.com/zylo-lang/zylo/internal/ast/ast.go:207.24,209.3 1 0
github.com/zylo-lang/zylo/internal/ast/ast.go:210.2,210.27 1 0
github.com/zylo-lang/zylo/internal/ast/ast.go:210.27,212.3 1 0
github.com/zylo-lang/zylo/internal/ast/ast.go:213.2,213.28 1 0
github.com/zylo-lang/zylo/internal/ast/ast.go:213.28,215.3 1 0
github.com/zylo-lang/zylo/internal/ast/ast.go:216.2,216.12 1 0
github.com/zylo-lang/zylo/internal/ast/ast.go:226.47,226.48 0 0
github.com/zylo-lang/zylo/internal/ast/ast.go:227.46,227.72 1 0
github.com/zylo-lang/zylo/internal/ast/ast.go:228.40,229.49 1 0
github.com/zylo-lang/zylo/internal/ast/ast.go:229.49,231.3 1 0
github.com/zylo-lang/zylo/internal/ast/ast.go:232.2,232.84 1 0
github.com/zylo-lang/zylo/internal/ast/ast.go:241.51,241.52 0 0
github.com/zylo-lang/zylo/internal/ast/ast.go:242.50,242.77 1 0
github.com/zylo-lang/zylo/internal/ast/ast.go:243.44,246.26 3 0
github.com/zylo-lang/zylo/internal/ast/ast.go:246.26,248.3 1 0
github.com/zylo-lang/zylo/internal/ast/ast.go:249.2,250.12 2 0
github.com/zylo-lang/zylo/internal/ast/ast.go:259.49,259.50 0 0
github.com/zylo-lang/zylo/internal/ast/ast.go:260.48,260.74 1 0
github.com/zylo-lang/zylo/internal/ast/ast.go:261.48,261.74 1 0
github.com/zylo-lang/zylo/internal/ast/ast.go:269.49,269.50 0 0
github.com/zylo-lang/zylo/internal/ast/ast.go:270.48,270.74 1 0
github.com/zylo-lang/zylo/internal/ast/ast.go:271.48,271.74 1 0
github.com/zylo-lang/zylo/internal/ast/ast.go:279.50,279.51 0 0
github.com/zylo-lang/zylo/internal/ast/ast.go:280.49,280.75 1 0
github.com/zylo-lang/zylo/internal/ast/ast.go:281.49,281.75 1 0
github.com/zylo-lang/zylo/internal/ast/ast.go:288.47,288.48 0 0
github.com/zylo-lang/zylo/internal/ast/ast.go:289.46,289.72 1 0
github.com/zylo-lang/zylo/internal/ast/ast.go:290.46,290.63 1 0
github.com/zylo-lang/zylo/internal/ast/ast.go:299.52,299.53 0 0
github.com/zylo-lang/zylo/internal/ast/ast.go:300.51,300.77 1 0
github.com/zylo-lang/zylo/internal/ast/ast.go:301.45,302.21 1 0
github.com/zylo-lang/zylo/internal/ast/ast.go:302.21,304.3 1 0
github.com/zylo-lang/zylo/internal/ast/ast.go:305.2,305.62 1 0
github.com/zylo-lang/zylo/internal/ast/ast.go:316.51,316.52 0 0
github.com/zylo-lang/zylo/internal/ast/ast.go:317.50,317.76 1 0
github.com/zylo-lang/zylo/internal/ast/ast.go:318.44,319.39 1 0
github.com/zylo-lang/zylo/internal/ast/ast.go:319.39,321.3 1 0
github.com/zylo-lang/zylo/internal/ast/ast.go:322.2,322.84 1 0
github.com/zylo-lang/zylo/internal/ast/ast.go:332.50,332.51 0 0
github.com/zylo-lang/zylo/internal/ast/ast.go:333.49,333.75 1 0
github.com/zylo-lang/zylo/internal/ast/ast.go:334.43,335.24 1 0
github.com/zylo-lang/zylo/internal/ast/ast.go:335.24,337.3 1 0
github.com/zylo-lang/zylo/internal/ast/ast.go:338.2,338.85 1 0
github.com/zylo-lang/zylo/internal/ast/ast.go:348.51,348.52 0 0
github.com/zylo-lang/zylo/internal/ast/ast.go:349.50,349.76 1 0
github.com/zylo-lang/zylo/internal/ast/ast.go:350.44,351.39 1 0
github.com/zylo-lang/zylo/internal/ast/ast.go:351.39,353.3 1 0
github.com/zylo-lang/zylo/internal/ast/ast.go:354.2,354.69 1 0
github.com/zylo-lang/zylo/internal/ast/ast.go:364.52,364.53 0 0
github.com/zylo-lang/zylo/internal/ast/ast.go:365.51,365.77 1 0
github.com/zylo-lang/zylo/internal/ast/ast.go:366.45,367.44 1 0
github.com/zylo-lang/zylo/internal/ast/ast.go:367.44,369.3 1 0
github.com/zylo-lang/zylo/internal/ast/ast.go:370.2,370.73 1 0
github.com/zylo-lang/zylo/internal/ast/ast.go:379.51,379.52 0 0
github.com/zylo-lang/zylo/internal/ast/ast.go:380.50,380.76 1 0
github.com/zylo-lang/zylo/internal/ast/ast.go:381.44,382.21 1 0
github.com/zylo-lang/zylo/internal/ast/ast.go:382.21,384.3 1 0
github.com/zylo-lang/zylo/internal/ast/ast.go:385.2,385.26 1 0
github.com/zylo-lang/zylo/internal/ast/ast.go:397.47,397.48 0 0
github.com/zylo-lang/zylo/internal/ast/ast.go:398.46,398.72 1 0
github.com/zylo-lang/zylo/internal/ast/ast.go:399.40,401.25 2 0
github.com/zylo-lang/zylo/internal/ast/ast.go:401.25,403.3 1 0
github.com/zylo-lang/zylo/internal/ast/ast.go:404.2,405.27 2 0
github.com/zylo-lang/zylo/internal/ast/ast.go:405.27,407.3 1 0
github.com/zylo-lang/zylo/internal/ast/ast.go:408.2,408.27 1 0
github.com/zylo-lang/zylo/internal/ast/ast.go:408.27,410.3 1 0
github.com/zylo-lang/zylo/internal/ast/ast.go:411.2,411.12 1 0
github.com/zylo-lang/zylo/internal/ast/ast.go:419.50,419.51 0 0
github.com/zylo-lang/zylo/internal/ast/ast.go:420.49,420.75 1 0
github.com/zylo-lang/zylo/internal/ast/ast.go:421.49,421.81 1 0
github.com/zylo-lang/zylo/internal/ast/ast.go:428.53,428.54 0 0
github.com/zylo-lang/zylo/internal/ast/ast.go:429.52,429.78 1 0
github.com/zylo-lang/zylo/internal/ast/ast.go:430.52,430.84 1 0
github.com/zylo-lang/zylo/internal/ast/ast.go:439.50,439.51 0 0
github.com/zylo-lang/zylo/internal/ast/ast.go:440.49,440.75 1 0
github.com/zylo-lang/zylo/internal/ast/ast.go:441.43,443.25 2 0
github.com/zylo-lang/zylo/internal/ast/ast.go:443.25,445.3 1 0
github.com/zylo-lang/zylo/internal/ast/ast.go:446.2,447.20 2 0
github.com/zylo-lang/zylo/internal/ast/ast.go:447.20,449.3 1 0
github.com/zylo-lang/zylo/internal/ast/ast.go:450.2,450.12 1 0
github.com/zylo-lang/zylo/internal/ast/ast.go:462.50,462.51 0 0
github.com/zylo-lang/zylo/internal/ast/ast.go:463.49,463.75 1 0
github.com/zylo-lang/zylo/internal/ast/ast.go:464.43,466.20 2 0
github.com/zylo-lang/zylo/internal/ast/ast.go:466.20,468.3 1 0
github.com/zylo-lang/zylo/internal/ast/ast.go:469.2,470.37 2 0
github.com/zylo-lang/zylo/internal/ast/ast.go:470.37,472.3 1 0
github.com/zylo-lang/zylo/internal/ast/ast.go:473.2,473.36 1 0
github.com/zylo-lang/zylo/internal/ast/ast.go:473.36,475.3 1 0
github.com/zylo-lang/zylo/internal/ast/ast.go:476.2,477.12 2 0
github.com/zylo-lang/zylo/internal/ast/ast.go:486.47,486.48 0 0
github.com/zylo-lang/zylo/internal/ast/ast.go:487.46,487.72 1 0
github.com/zylo-lang/zylo/internal/ast/ast.go:488.40,489.24 1 0
github.com/zylo-lang/zylo/internal/ast/ast.go:489.24,491.3 1 0
github.com/zylo-lang/zylo/internal/ast/ast.go:492.2,492.60 1 0
github.com/zylo-lang/zylo/internal/ast/ast.go:500.47,500.48 0 0
github.com/zylo-lang/zylo/internal/ast/ast.go:501.46,501.72 1 0
github.com/zylo-lang/zylo/internal/ast/ast.go:502.40,503.21 1 0
github.com/zylo-lang/zylo/internal/ast/ast.go:503.21,505.3 1 0
github.com/zylo-lang/zylo/internal/ast/ast.go:506.2,507.35 2 0
github.com/zylo-lang/zylo/internal/ast/ast.go:507.35,509.3 1 0
github.com/zylo-lang/zylo/internal/ast/ast.go:510.2,510.50 1 0
github.com/zylo-lang/zylo/internal/ast/ast.go:520.54,520.55 0 0
github.com/zylo-lang/zylo/internal/ast/ast.go:521.53,521.79 1 0
github.com/zylo-lang/zylo/internal/ast/ast.go:522.47,523.25 1 0
github.com/zylo-lang/zylo/internal/ast/ast.go:523.25,525.3 1 0
github.com/zylo-lang/zylo/internal/ast/ast.go:526.2,526.86 1 0
github.com/zylo-lang/zylo/internal/ast/ast.go:534.50,534.51 0 0
github.com/zylo-lang/zylo/internal/ast/ast.go:535.49,535.75 1 0
github.com/zylo-lang/zylo/internal/ast/ast.go:536.49,536.66 1 0
github.com/zylo-lang/zylo/internal/ast/ast.go:539.50,541.27 2 0
github.com/zylo-lang/zylo/internal/ast/ast.go:541.27,543.3 1 0
github.com/zylo-lang/zylo/internal/ast/ast.go:544.2,544.29 1 0
github.com/zylo-lang/zylo/internal/ast/ast.go:547.42,549.25 2 0
github.com/zylo-lang/zylo/internal/ast/ast.go:549.25,551.22 2 0
github.com/zylo-lang/zylo/internal/ast/ast.go:551.22,553.4 1 0
github.com/zylo-lang/zylo/internal/ast/ast.go:555.2,555.15 1 0
github.com/zylo-lang/zylo/internal/ast/func.go:17.38,17.39 0 0
github.com/zylo-lang/zylo/internal/ast/func.go:20.42,20.67 1 0
github.com/zylo-lang/zylo/internal/ast/func.go:23.36,24.18 1 0
github.com/zylo-lang/zylo/internal/ast/func.go:24.18,26.3 1 0
github.com/zylo-lang/zylo/internal/ast/func.go:27.2,27.15 1 0
github.com/zylo-lang/zylo/internal/lexer/lexer.go:21.32,27.2 1 1
github.com/zylo-lang/zylo/internal/lexer/lexer.go:30.32,32.2 1 1
github.com/zylo-lang/zylo/internal/lexer/lexer.go:35.32,36.17 1 1
github.com/zylo-lang/zylo/internal/lexer/lexer.go:36.17,38.3 1 0
github.com/zylo-lang/zylo/internal/lexer/lexer.go:39.2,41.15 3 1
github.com/zylo-lang/zylo/internal/lexer/lexer.go:41.15,44.3 2 1
github.com/zylo-lang/zylo/internal/lexer/lexer.go:45.2,46.10 2 1
github.com/zylo-lang/zylo/internal/lexer/lexer.go:50.29,51.17 1 1
github.com/zylo-lang/zylo/internal/lexer/lexer.go:51.17,53.3 1 1
github.com/zylo-lang/zylo/internal/lexer/lexer.go:54.2,54.28 1 1
github.com/zylo-lang/zylo/internal/lexer/lexer.go:58.33,59.34 1 1
github.com/zylo-lang/zylo/internal/lexer/lexer.go:59.34,61.3 1 0
github.com/zylo-lang/zylo/internal/lexer/lexer.go:62.2,62.30 1 1
github.com/zylo-lang/zylo/internal/lexer/lexer.go:66.43,67.52 1 1
github.com/zylo-lang/zylo/internal/lexer/lexer.go:67.52,69.3 1 1
github.com/zylo-lang/zylo/internal/lexer/lexer.go:70.2,71.13 2 0
github.com/zylo-lang/zylo/internal/lexer/lexer.go:75.75,79.26 2 1
github.com/zylo-lang/zylo/internal/lexer/lexer.go:79.26,89.3 1 1
github.com/zylo-lang/zylo/internal/lexer/lexer.go:92.2,96.27 3 1
github.com/zylo-lang/zylo/internal/lexer/lexer.go:96.27,99.17 3 1
github.com/zylo-lang/zylo/internal/lexer/lexer.go:99.17,101.4 1 0
github.com/zylo-lang/zylo/internal/lexer/lexer.go:104.2,112.3 1 1
github.com/zylo-lang/zylo/internal/lexer/lexer.go:116.50,125.2 1 0
github.com/zylo-lang/zylo/internal/lexer/lexer.go:128.34,129.6 1 1
github.com/zylo-lang/zylo/internal/lexer/lexer.go:129.6,130.19 1 1
github.com/zylo-lang/zylo/internal/lexer/lexer.go:131.24,132.15 1 1
github.com/zylo-lang/zylo/internal/lexer/lexer.go:133.13,135.10 1 1
github.com/zylo-lang/zylo/internal/lexer/lexer.go:136.12,137.27 1 1
github.com/zylo-lang/zylo/internal/lexer/lexer.go:137.27,138.42 1 1
github.com/zylo-lang/zylo/internal/lexer/lexer.go:138.42,140.6 1 1
github.com/zylo-lang/zylo/internal/lexer/lexer.go:142.10,142.34 1 0
github.com/zylo-lang/zylo/internal/lexer/lexer.go:142.34,146.5 3 0
github.com/zylo-lang/zylo/internal/lexer/lexer.go:146.10,148.5 1 0
github.com/zylo-lang/zylo/internal/lexer/lexer.go:149.12,150.41 1 0
github.com/zylo-lang/zylo/internal/lexer/lexer.go:150.41,152.5 1 0
github.com/zylo-lang/zylo/internal/lexer/lexer.go:154.11,155.10 1 1
github.com/zylo-lang/zylo/internal/lexer/lexer.go:161.40,163.39 2 0
github.com/zylo-lang/zylo/internal/lexer/lexer.go:163.39,164.45 1 0
github.com/zylo-lang/zylo/internal/lexer/lexer.go:164.45,168.4 3 0
github.com/zylo-lang/zylo/internal/lexer/lexer.go:168.9,168.52 1 0
github.com/zylo-lang/zylo/internal/lexer/lexer.go:168.52,172.4 3 0
github.com/zylo-lang/zylo/internal/lexer/lexer.go:172.9,174.4 1 0
github.com/zylo-lang/zylo/internal/lexer/lexer.go:176.2,176.22 1 0
github.com/zylo-lang/zylo/internal/lexer/lexer.go:176.23,179.3 0 0
github.com/zylo-lang/zylo/internal/lexer/lexer.go:183.27,185.2 1 1
github.com/zylo-lang/zylo/internal/lexer/lexer.go:188.27,190.2 1 1
github.com/zylo-lang/zylo/internal/lexer/lexer.go:193.30,195.2 1 1
github.com/zylo-lang/zylo/internal/lexer/lexer.go:198.36,199.45 1 1
github.com/zylo-lang/zylo/internal/lexer/lexer.go:199.45,201.3 1 1
github.com/zylo-lang/zylo/internal/lexer/lexer.go:202.2,204.16 3 1
github.com/zylo-lang/zylo/internal/lexer/lexer.go:204.16,206.3 1 1
github.com/zylo-lang/zylo/internal/lexer/lexer.go:207.2,207.36 1 1
github.com/zylo-lang/zylo/internal/lexer/lexer.go:211.32,213.24 2 1
github.com/zylo-lang/zylo/internal/lexer/lexer.go:213.24,215.3 1 1
github.com/zylo-lang/zylo/internal/lexer/lexer.go:216.2,216.46 1 1
github.com/zylo-lang/zylo/internal/lexer/lexer.go:216.46,219.25 3 1
github.com/zylo-lang/zylo/internal/lexer/lexer.go:219.25,221.4 1 1
github.com/zylo-lang/zylo/internal/lexer/lexer.go:224.2,225.13 2 1
github.com/zylo-lang/zylo/internal/lexer/lexer.go:225.13,227.17 2 1
github.com/zylo-lang/zylo/internal/lexer/lexer.go:227.17,229.4 1 0
github.com/zylo-lang/zylo/internal/lexer/lexer.go:230.3,230.36 1 1
github.com/zylo-lang/zylo/internal/lexer/lexer.go:233.2,234.16 2 1
github.com/zylo-lang/zylo/internal/lexer/lexer.go:234.16,236.3 1 0
github.com/zylo-lang/zylo/internal/lexer/lexer.go:237.2,237.35 1 1
github.com/zylo-lang/zylo/internal/lexer/lexer.go:241.49,243.6 2 1
github.com/zylo-lang/zylo/internal/lexer/lexer.go:243.6,244.39 1 1
github.com/zylo-lang/zylo/internal/lexer/lexer.go:244.39,245.9 1 1
github.com/zylo-lang/zylo/internal/lexer/lexer.go:248.3,248.23 1 1
github.com/zylo-lang/zylo/internal/lexer/lexer.go:248.23,250.20 2 1
github.com/zylo-lang/zylo/internal/lexer/lexer.go:251.13,252.28 1 1
github.com/zylo-lang/zylo/internal/lexer/lexer.go:253.13,254.28 1 0
github.com/zylo-lang/zylo/internal/lexer/lexer.go:255.13,256.27 1 0
github.com/zylo-lang/zylo/internal/lexer/lexer.go:257.14,258.28 1 0
github.com/zylo-lang/zylo/internal/lexer/lexer.go:259.14,260.28 1 0
github.com/zylo-lang/zylo/internal/lexer/lexer.go:261.13,264.28 3 1
github.com/zylo-lang/zylo/internal/lexer/lexer.go:264.28,265.31 1 1
github.com/zylo-lang/zylo/internal/lexer/lexer.go:265.31,267.7 1 0
github.com/zylo-lang/zylo/internal/lexer/lexer.go:268.6,268.26 1 1
github.com/zylo-lang/zylo/internal/lexer/lexer.go:270.5,271.19 2 1
github.com/zylo-lang/zylo/internal/lexer/lexer.go:271.19,273.6 1 0
github.com/zylo-lang/zylo/internal/lexer/lexer.go:274.5,275.13 2 1
github.com/zylo-lang/zylo/internal/lexer/lexer.go:276.12,278.32 2 0
github.com/zylo-lang/zylo/internal/lexer/lexer.go:280.4,280.15 1 1
github.com/zylo-lang/zylo/internal/lexer/lexer.go:281.9,283.24 1 1
github.com/zylo-lang/zylo/internal/lexer/lexer.go:283.24,285.5 1 0
github.com/zylo-lang/zylo/internal/lexer/lexer.go:286.4,286.34 1 1
github.com/zylo-lang/zylo/internal/lexer/lexer.go:290.2,290.17 1 1
github.com/zylo-lang/zylo/internal/lexer/lexer.go:290.17,292.3 1 0
github.com/zylo-lang/zylo/internal/lexer/lexer.go:294.2,295.46 2 1
github.com/zylo-lang/zylo/internal/lexer/lexer.go:299.51,304.6 4 1
github.com/zylo-lang/zylo/internal/lexer/lexer.go:304.6,305.18 1 1
github.com/zylo-lang/zylo/internal/lexer/lexer.go:305.18,307.4 1 0
github.com/zylo-lang/zylo/internal/lexer/lexer.go:308.3,308.66 1 1
github.com/zylo-lang/zylo/internal/lexer/lexer.go:308.66,309.9 1 1
github.com/zylo-lang/zylo/internal/lexer/lexer.go:311.3,311.33 1 1
github.com/zylo-lang/zylo/internal/lexer/lexer.go:314.2,320.44 5 1
github.com/zylo-lang/zylo/internal/lexer/lexer.go:320.44,322.3 1 1
github.com/zylo-lang/zylo/internal/lexer/lexer.go:324.2,324.37 1 1
github.com/zylo-lang/zylo/internal/lexer/lexer.go:328.35,329.34 1 1
github.com/zylo-lang/zylo/internal/lexer/lexer.go:329.34,331.3 1 0
github.com/zylo-lang/zylo/internal/lexer/lexer.go:332.2,332.30 1 1
github.com/zylo-lang/zylo/internal/lexer/lexer.go:336.35,342.17 5 1
github.com/zylo-lang/zylo/internal/lexer/lexer.go:342.17,344.3 1 1
github.com/zylo-lang/zylo/internal/lexer/lexer.go:346.2,348.16 2 1
github.com/zylo-lang/zylo/internal/lexer/lexer.go:348.16,350.3 1 1
github.com/zylo-lang/zylo/internal/lexer/lexer.go:351.2,351.16 1 1
github.com/zylo-lang/zylo/internal/lexer/lexer.go:351.16,353.3 1 1
github.com/zylo-lang/zylo/internal/lexer/lexer.go:355.2,355.11 1 1
github.com/zylo-lang/zylo/internal/lexer/lexer.go:356.11,357.38 1 1
github.com/zylo-lang/zylo/internal/lexer/lexer.go:358.11,359.39 1 1
github.com/zylo-lang/zylo/internal/lexer/lexer.go:360.11,361.38 1 1
github.com/zylo-lang/zylo/internal/lexer/lexer.go:362.11,363.39 1 1
github.com/zylo-lang/zylo/internal/lexer/lexer.go:364.11,365.40 1 0
github.com/zylo-lang/zylo/internal/lexer/lexer.go:366.11,367.41 1 0
github.com/zylo-lang/zylo/internal/lexer/lexer.go:368.11,369.37 1 1
github.com/zylo-lang/zylo/internal/lexer/lexer.go:370.11,371.33 1 1
github.com/zylo-lang/zylo/internal/lexer/lexer.go:372.11,373.31 1 0
github.com/zylo-lang/zylo/internal/lexer/lexer.go:374.11,375.33 1 0
github.com/zylo-lang/zylo/internal/lexer/lexer.go:376.11,377.32 1 1
github.com/zylo-lang/zylo/internal/lexer/lexer.go:378.11,379.33 1 0
github.com/zylo-lang/zylo/internal/lexer/lexer.go:380.11,381.32 1 0
github.com/zylo-lang/zylo/internal/lexer/lexer.go:382.11,383.35 1 0
github.com/zylo-lang/zylo/internal/lexer/lexer.go:384.11,385.33 1 0
github.com/zylo-lang/zylo/internal/lexer/lexer.go:386.11,387.19 1 0
github.com/zylo-lang/zylo/internal/lexer/lexer.go:387.19,389.4 1 0
github.com/zylo-lang/zylo/internal/lexer/lexer.go:390.3,390.32 1 0
github.com/zylo-lang/zylo/internal/lexer/lexer.go:391.11,392.19 1 1
github.com/zylo-lang/zylo/internal/lexer/lexer.go:392.19,394.4 1 0
github.com/zylo-lang/zylo/internal/lexer/lexer.go:395.3,395.19 1 1
github.com/zylo-lang/zylo/internal/lexer/lexer.go:395.19,397.4 1 0
github.com/zylo-lang/zylo/internal/lexer/lexer.go:398.3,398.33 1 1
github.com/zylo-lang/zylo/internal/lexer/lexer.go:399.11,400.19 1 0
github.com/zylo-lang/zylo/internal/lexer/lexer.go:400.19,402.4 1 0
github.com/zylo-lang/zylo/internal/lexer/lexer.go:403.3,403.32 1 0
github.com/zylo-lang/zylo/internal/lexer/lexer.go:404.11,405.19 1 0
github.com/zylo-lang/zylo/internal/lexer/lexer.go:405.19,407.4 1 0
github.com/zylo-lang/zylo/internal/lexer/lexer.go:408.3,408.35 1 0
github.com/zylo-lang/zylo/internal/lexer/lexer.go:409.11,410.19 1 0
github.com/zylo-lang/zylo/internal/lexer/lexer.go:410.19,412.4 1 0
github.com/zylo-lang/zylo/internal/lexer/lexer.go:413.3,413.70 1 0
github.com/zylo-lang/zylo/internal/lexer/lexer.go:414.11,415.19 1 0
github.com/zylo-lang/zylo/internal/lexer/lexer.go:415.19,417.4 1 0
github.com/zylo-lang/zylo/internal/lexer/lexer.go:418.3,418.70 1 0
github.com/zylo-lang/zylo/internal/lexer/lexer.go:419.12,420.35 1 1
github.com/zylo-lang/zylo/internal/lexer/lexer.go:421.11,422.45 1 1
github.com/zylo-lang/zylo/internal/lexer/lexer.go:422.45,424.4 1 1
github.com/zylo-lang/zylo/internal/lexer/lexer.go:425.3,425.30 1 1
github.com/zylo-lang/zylo/internal/lexer/lexer.go:426.12,427.31 1 1
github.com/zylo-lang/zylo/internal/lexer/lexer.go:430.2,430.46 1 0
github.com/zylo-lang/zylo/internal/lexer/token.go:20.32,23.2 1 0
github.com/zylo-lang/zylo/internal/evaluator/evaluator.go:24.35,24.58 1 0
github.com/zylo-lang/zylo/internal/evaluator/evaluator.go:25.35,25.53 1 0
github.com/zylo-lang/zylo/internal/evaluator/evaluator.go:32.36,32.60 1 0
github.com/zylo-lang/zylo/internal/evaluator/evaluator.go:33.36,33.73 1 0
github.com/zylo-lang/zylo/internal/evaluator/evaluator.go:40.34,40.56 1 0
github.com/zylo-lang/zylo/internal/evaluator/evaluator.go:41.34,41.71 1 0
github.com/zylo-lang/zylo/internal/evaluator/evaluator.go:48.30,48.51 1 0
github.com/zylo-lang/zylo/internal/evaluator/evaluator.go:49.33,51.29 2 0
github.com/zylo-lang/zylo/internal/evaluator/evaluator.go:51.29,52.37 1 0
github.com/zylo-lang/zylo/internal/evaluator/evaluator.go:52.37,54.4 1 0
github.com/zylo-lang/zylo/internal/evaluator/evaluator.go:54.9,56.4 1 0
github.com/zylo-lang/zylo/internal/evaluator/evaluator.go:58.2,58.46 1 0
github.com/zylo-lang/zylo/internal/evaluator/evaluator.go:65.30,65.51 1 0
github.com/zylo-lang/zylo/internal/evaluator/evaluator.go:66.33,68.34 2 0
github.com/zylo-lang/zylo/internal/evaluator/evaluator.go:68.34,69.40 1 0
github.com/zylo-lang/zylo/internal/evaluator/evaluator.go:69.40,71.4 1 0
github.com/zylo-lang/zylo/internal/evaluator/evaluator.go:71.9,73.4 1 0
github.com/zylo-lang/zylo/internal/evaluator/evaluator.go:75.2,75.46 1 0
github.com/zylo-lang/zylo/internal/evaluator/evaluator.go:85.36,85.60 1 0
github.com/zylo-lang/zylo/internal/evaluator/evaluator.go:86.36,86.73 1 0
github.com/zylo-lang/zylo/internal/evaluator/evaluator.go:91.33,91.54 1 0
github.com/zylo-lang/zylo/internal/evaluator/evaluator.go:92.33,92.50 1 0
github.com/zylo-lang/zylo/internal/evaluator/evaluator.go:104.36,109.2 1 0
github.com/zylo-lang/zylo/internal/evaluator/evaluator.go:112.58,117.2 1 0
github.com/zylo-lang/zylo/internal/evaluator/evaluator.go:120.54,121.48 1 0
github.com/zylo-lang/zylo/internal/evaluator/evaluator.go:121.48,123.3 1 0
github.com/zylo-lang/zylo/internal/evaluator/evaluator.go:124.2,124.21 1 0
github.com/zylo-lang/zylo/internal/evaluator/evaluator.go:124.21,126.3 1 0
github.com/zylo-lang/zylo/internal/evaluator/evaluator.go:127.2,127.19 1 0
github.com/zylo-lang/zylo/internal/evaluator/evaluator.go:131.53,133.2 1 0
github.com/zylo-lang/zylo/internal/evaluator/evaluator.go:142.32,149.2 3 0
github.com/zylo-lang/zylo/internal/evaluator/evaluator.go:152.36,156.41 1 0
github.com/zylo-lang/zylo/internal/evaluator/evaluator.go:156.41,157.29 1 0
github.com/zylo-lang/zylo/internal/evaluator/evaluator.go:157.29,158.40 1 0
github.com/zylo-lang/zylo/internal/evaluator/evaluator.go:158.40,160.6 1 0
github.com/zylo-lang/zylo/internal/evaluator/evaluator.go:160.11,162.6 1 0
github.com/zylo-lang/zylo/internal/evaluator/evaluator.go:164.4,166.23 3 0
github.com/zylo-lang/zylo/internal/evaluator/evaluator.go:171.2,173.41 1 0
github.com/zylo-lang/zylo/internal/evaluator/evaluator.go:173.41,177.18 4 0
github.com/zylo-lang/zylo/internal/evaluator/evaluator.go:177.18,180.5 2 0
github.com/zylo-lang/zylo/internal/evaluator/evaluator.go:181.4,181.56 1 0
github.com/zylo-lang/zylo/internal/evaluator/evaluator.go:186.2,188.41 1 0
github.com/zylo-lang/zylo/internal/evaluator/evaluator.go:188.41,189.8 1 0
github.com/zylo-lang/zylo/internal/evaluator/evaluator.go:189.8,193.19 4 0
github.com/zylo-lang/zylo/internal/evaluator/evaluator.go:193.19,196.6 2 0
github.com/zylo-lang/zylo/internal/evaluator/evaluator.go:197.5,199.19 3 0
github.com/zylo-lang/zylo/internal/evaluator/evaluator.go:199.19,202.6 1 0
github.com/zylo-lang/zylo/internal/evaluator/evaluator.go:202.11,205.6 1 0
github.com/zylo-lang/zylo/internal/evaluator/evaluator.go:211.2,213.41 1 0
github.com/zylo-lang/zylo/internal/evaluator/evaluator.go:213.41,214.22 1 0
github.com/zylo-lang/zylo/internal/evaluator/evaluator.go:214.22,216.5 1 0
github.com/zylo-lang/zylo/internal/evaluator/evaluator.go:218.4,218.33 1 0
github.com/zylo-lang/zylo/internal/evaluator/evaluator.go:219.18,220.61 1 0
github.com/zylo-lang/zylo/internal/evaluator/evaluator.go:221.16,222.61 1 0
github.com/zylo-lang/zylo/internal/evaluator/evaluator.go:223.17,224.20 1 0
github.com/zylo-lang/zylo/internal/evaluator/evaluator.go:225.18,226.61 1 0
github.com/zylo-lang/zylo/internal/evaluator/evaluator.go:227.12,228.55 1 0
github.com/zylo-lang/zylo/internal/evaluator/evaluator.go:234.2,236.41 1 0
github.com/zylo-lang/zylo/internal/evaluator/evaluator.go:236.41,237.22 1 0
github.com/zylo-lang/zylo/internal/evaluator/evaluator.go:237.22,239.5 1 0
github.com/zylo-lang/zylo/internal/evaluator/evaluator.go:240.4,240.33 1 0
github.com/zylo-lang/zylo/internal/evaluator/evaluator.go:241.15,242.55 1 0
github.com/zylo-lang/zylo/internal/evaluator/evaluator.go:243.17,244.55 1 0
github.com/zylo-lang/zylo/internal/evaluator/evaluator.go:245.12,246.62 1 0
github.com/zylo-lang/zylo/internal/evaluator/evaluator.go:252.2,254.41 1 0
github.com/zylo-lang/zylo/internal/evaluator/evaluator.go:254.41,255.22 1 0
github.com/zylo-lang/zylo/internal/evaluator/evaluator.go:255.22,257.5 1 0
github.com/zylo-lang/zylo/internal/evaluator/evaluator.go:258.4,259.11 2 0
github.com/zylo-lang/zylo/internal/evaluator/evaluator.go:259.11,261.5 1 0
github.com/zylo-lang/zylo/internal/evaluator/evaluator.go:262.4,263.11 2 0
github.com/zylo-lang/zylo/internal/evaluator/evaluator.go:263.11,265.5 1 0
github.com/zylo-lang/zylo/internal/evaluator/evaluator.go:266.4,268.31 3 0
github.com/zylo-lang/zylo/internal/evaluator/evaluator.go:268.31,270.5 1 0
github.com/zylo-lang/zylo/internal/evaluator/evaluator.go:271.4,271.35 1 0
github.com/zylo-lang/zylo/internal/evaluator/evaluator.go:276.2,278.41 1 0
github.com/zylo-lang/zylo/internal/evaluator/evaluator.go:278.41,279.22 1 0
github.com/zylo-lang/zylo/internal/evaluator/evaluator.go:279.22,281.5 1 0
github.com/zylo-lang/zylo/internal/evaluator/evaluator.go:282.4,283.11 2 0
github.com/zylo-lang/zylo/internal/evaluator/evaluator.go:283.11,285.5 1 0
github.com/zylo-lang/zylo/internal/evaluator/evaluator.go:286.4,286.65 1 0
github.com/zylo-lang/zylo/internal/evaluator/evaluator.go:286.65,288.5 1 0
github.com/zylo-lang/zylo/internal/evaluator/evaluator.go:289.4,289.55 1 0
github.com/zylo-lang/zylo/internal/evaluator/evaluator.go:289.55,291.5 1 0
github.com/zylo-lang/zylo/internal/evaluator/evaluator.go:292.4,292.23 1 0
github.com/zylo-lang/zylo/internal/evaluator/evaluator.go:297.2,299.41 1 0
github.com/zylo-lang/zylo/internal/evaluator/evaluator.go:299.41,300.22 1 0
github.com/zylo-lang/zylo/internal/evaluator/evaluator.go:300.22,302.5 1 0
github.com/zylo-lang/zylo/internal/evaluator/evaluator.go:303.4,304.11 2 0
github.com/zylo-lang/zylo/internal/evaluator/evaluator.go:304.11,306.5 1 0
github.com/zylo-lang/zylo/internal/evaluator/evaluator.go:307.4,308.11 2 0
github.com/zylo-lang/zylo/internal/evaluator/evaluator.go:308.11,310.5 1 0
github.com/zylo-lang/zylo/internal/evaluator/evaluator.go:311.4,313.31 3 0
github.com/zylo-lang/zylo/internal/evaluator/evaluator.go:313.31,315.5 1 0
github.com/zylo-lang/zylo/internal/evaluator/evaluator.go:316.4,316.35 1 0
github.com/zylo-lang/zylo/internal/evaluator/evaluator.go:321.2,323.41 1 0
github.com/zylo-lang/zylo/internal/evaluator/evaluator.go:323.41,324.22 1 0
github.com/zylo-lang/zylo/internal/evaluator/evaluator.go:324.22,326.5 1 0
github.com/zylo-lang/zylo/internal/evaluator/evaluator.go:327.4,328.11 2 0
github.com/zylo-lang/zylo/internal/evaluator/evaluator.go:328.11,330.5 1 0
github.com/zylo-lang/zylo/internal/evaluator/evaluator.go:331.4,332.11 2 0
github.com/zylo-lang/zylo/internal/evaluator/evaluator.go:332.11,334.5 1 0
github.com/zylo-lang/zylo/internal/evaluator/evaluator.go:336.4,337.18 2 0
github.com/zylo-lang/zylo/internal/evaluator/evaluator.go:337.18,341.24 3 0
github.com/zylo-lang/zylo/internal/evaluator/evaluator.go:341.24,343.6 1 0
github.com/zylo-lang/zylo/internal/evaluator/evaluator.go:344.5,344.24 1 0
github.com/zylo-lang/zylo/internal/evaluator/evaluator.go:346.4,346.22 1 0
github.com/zylo-lang/zylo/internal/evaluator/evaluator.go:351.2,356.41 2 0
github.com/zylo-lang/zylo/internal/evaluator/evaluator.go:356.41,360.18 4 0
github.com/zylo-lang/zylo/internal/evaluator/evaluator.go:360.18,362.5 1 0
github.com/zylo-lang/zylo/internal/evaluator/evaluator.go:363.4,363.56 1 0
github.com/zylo-lang/zylo/internal/evaluator/evaluator.go:368.2,373.41 2 0
github.com/zylo-lang/zylo/internal/evaluator/evaluator.go:373.41,374.22 1 0
github.com/zylo-lang/zylo/internal/evaluator/evaluator.go:374.22,376.5 1 0
github.com/zylo-lang/zylo/internal/evaluator/evaluator.go:377.4,377.49 1 0
github.com/zylo-lang/zylo/internal/evaluator/evaluator.go:381.2,383.41 1 0
github.com/zylo-lang/zylo/internal/evaluator/evaluator.go:383.41,384.22 1 0
github.com/zylo-lang/zylo/internal/evaluator/evaluator.go:384.22,386.5 1 0
github.com/zylo-lang/zylo/internal/evaluator/evaluator.go:387.4,387.49 1 0
github.com/zylo-lang/zylo/internal/evaluator/evaluator.go:391.2,393.41 1 0
github.com/zylo-lang/zylo/internal/evaluator/evaluator.go:393.41,394.22 1 0
github.com/zylo-lang/zylo/internal/evaluator/evaluator.go:394.22,396.5 1 0
github.com/zylo-lang/zylo/internal/evaluator/evaluator.go:397.4,397.49 1 0
github.com/zylo-lang/zylo/internal/evaluator/evaluator.go:401.2,403.41 1 0
github.com/zylo-lang/zylo/internal/evaluator/evaluator.go:403.41,404.22 1 0
github.com/zylo-lang/zylo/internal/evaluator/evaluator.go:404.22,406.5 1 0
github.com/zylo-lang/zylo/internal/evaluator/evaluator.go:407.4,407.49 1 0
github.com/zylo-lang/zylo/internal/evaluator/evaluator.go:413.65,414.42 1 0
github.com/zylo-lang/zylo/internal/evaluator/evaluator.go:414.42,416.17 2 0
github.com/zylo-lang/zylo/internal/evaluator/evaluator.go:416.17,418.4 1 0
github.com/zylo-lang/zylo/internal/evaluator/evaluator.go:422.2,423.12 2 0
github.com/zylo-lang/zylo/internal/evaluator/evaluator.go:423.12,424.45 1 0
github.com/zylo-lang/zylo/internal/evaluator/evaluator.go:424.45,426.18 2 0
github.com/zylo-lang/zylo/internal/evaluator/evaluator.go:426.18,428.5 1 0
github.com/zylo-lang/zylo/internal/evaluator/evaluator.go:432.2,432.12 1 0
github.com/zylo-lang/zylo/internal/evaluator/evaluator.go:436.74,437.17 1 0
github.com/zylo-lang/zylo/internal/evaluator/evaluator.go:437.17,439.3 1 0
github.com/zylo-lang/zylo/internal/evaluator/evaluator.go:440.2,440.26 1 0
github.com/zylo-lang/zylo/internal/evaluator/evaluator.go:441.25,442.15 1 0
github.com/zylo-lang/zylo/internal/evaluator/evaluator.go:442.15,444.4 1 0
github.com/zylo-lang/zylo/internal/evaluator/evaluator.go:445.3,446.17 2 0
github.com/zylo-lang/zylo/internal/evaluator/evaluator.go:446.17,448.4 1 0
github.com/zylo-lang/zylo/internal/evaluator/evaluator.go:449.3,449.22 1 0
github.com/zylo-lang/zylo/internal/evaluator/evaluator.go:450.32,451.15 1 0
github.com/zylo-lang/zylo/internal/evaluator/evaluator.go:451.15,453.4 1 0
github.com/zylo-lang/zylo/internal/evaluator/evaluator.go:454.3,454.26 1 0
github.com/zylo-lang/zylo/internal/evaluator/evaluator.go:454.26,456.4 1 0
github.com/zylo-lang/zylo/internal/evaluator/evaluator.go:457.3,457.44 1 0
github.com/zylo-lang/zylo/internal/evaluator/evaluator.go:458.26,459.15 1 0
github.com/zylo-lang/zylo/internal/evaluator/evaluator.go:459.15,461.4 1 0
github.com/zylo-lang/zylo/internal/evaluator/evaluator.go:462.3,463.17 2 0
github.com/zylo-lang/zylo/internal/evaluator/evaluator.go:463.17,465.4 1 0
github.com/zylo-lang/zylo/internal/evaluator/evaluator.go:466.3,466.22 1 0
github.com/zylo-lang/zylo/internal/evaluator/evaluator.go:467.28,468.15 1 0
github.com/zylo-lang/zylo/internal/evaluator/evaluator.go:468.15,470.4 1 0
github.com/zylo-lang/zylo/internal/evaluator/evaluator.go:473.3,473.27 1 0
github.com/zylo-lang/zylo/internal/evaluator/evaluator.go:473.27,475.4 1 0
github.com/zylo-lang/zylo/internal/evaluator/evaluator.go:476.3,476.22 1 0
github.com/zylo-lang/zylo/internal/evaluator/evaluator.go:477.24,478.15 1 0
github.com/zylo-lang/zylo/internal/evaluator/evaluator.go:478.15,480.4 1 0
github.com/zylo-lang/zylo/internal/evaluator/evaluator.go:481.3,481.34 1 0
github.com/zylo-lang/zylo/internal/evaluator/evaluator.go:482.27,483.15 1 0
github.com/zylo-lang/zylo/internal/evaluator/evaluator.go:483.15,485.4 1 0
github.com/zylo-lang/zylo/internal/evaluator/evaluator.go:486.3,486.37 1 0
github.com/zylo-lang/zylo/internal/evaluator/evaluator.go:487.27,488.37 1 0
github.com/zylo-lang/zylo/internal/evaluator/evaluator.go:489.27,490.37 1 0
github.com/zylo-lang/zylo/internal/evaluator/evaluator.go:491.30,492.40 1 0
github.com/zylo-lang/zylo/internal/evaluator/evaluator.go:493.27,494.37 1 0
github.com/zylo-lang/zylo/internal/evaluator/evaluator.go:495.25,497.35 1 0
github.com/zylo-lang/zylo/internal/evaluator/evaluator.go:498.27,500.37 1 0
github.com/zylo-lang/zylo/internal/evaluator/evaluator.go:501.28,502.38 1 0
github.com/zylo-lang/zylo/internal/evaluator/evaluator.go:503.27,504.37 1 0
github.com/zylo-lang/zylo/internal/evaluator/evaluator.go:505.10,506.58 1 0
github.com/zylo-lang/zylo/internal/evaluator/evaluator.go:511.72,514.23 3 0
github.com/zylo-lang/zylo/internal/evaluator/evaluator.go:514.23,516.17 2 0
github.com/zylo-lang/zylo/internal/evaluator/evaluator.go:516.17,518.4 1 0
github.com/zylo-lang/zylo/internal/evaluator/evaluator.go:519.8,521.3 1 0
github.com/zylo-lang/zylo/internal/evaluator/evaluator.go:522.2,523.12 2 0
github.com/zylo-lang/zylo/internal/evaluator/evaluator.go:527.74,537.2 3 0
github.com/zylo-lang/zylo/internal/evaluator/evaluator.go:540.79,542.16 2 0
github.com/zylo-lang/zylo/internal/evaluator/evaluator.go:542.16,544.3 1 0
github.com/zylo-lang/zylo/internal/evaluator/evaluator.go:546.2,546.27 1 0
github.com/zylo-lang/zylo/internal/evaluator/evaluator.go:546.27,549.3 1 0
github.com/zylo-lang/zylo/internal/evaluator/evaluator.go:549.8,549.36 1 0
github.com/zylo-lang/zylo/internal/evaluator/evaluator.go:549.36,558.3 1 0
github.com/zylo-lang/zylo/internal/evaluator/evaluator.go:561.2,561.21 1 0
github.com/zylo-lang/zylo/internal/evaluator/evaluator.go:565.81,567.26 1 0
github.com/zylo-lang/zylo/internal/evaluator/evaluator.go:567.26,569.3 1 0
github.com/zylo-lang/zylo/internal/evaluator/evaluator.go:570.2,570.48 1 0
github.com/zylo-lang/zylo/internal/evaluator/evaluator.go:574.85,577.2 1 0
github.com/zylo-lang/zylo/internal/evaluator/evaluator.go:580.85,585.15 4 0
github.com/zylo-lang/zylo/internal/evaluator/evaluator.go:585.15,585.33 1 0
github.com/zylo-lang/zylo/internal/evaluator/evaluator.go:587.2,589.43 2 0
github.com/zylo-lang/zylo/internal/evaluator/evaluator.go:589.43,592.17 2 0
github.com/zylo-lang/zylo/internal/evaluator/evaluator.go:592.17,594.4 1 0
github.com/zylo-lang/zylo/internal/evaluator/evaluator.go:597.3,597.39 1 0
github.com/zylo-lang/zylo/internal/evaluator/evaluator.go:597.39,599.4 1 0
github.com/zylo-lang/zylo/internal/evaluator/evaluator.go:600.3,600.42 1 0
github.com/zylo-lang/zylo/internal/evaluator/evaluator.go:600.42,602.4 1 0
github.com/zylo-lang/zylo/internal/evaluator/evaluator.go:605.3,605.20 1 0
github.com/zylo-lang/zylo/internal/evaluator/evaluator.go:609.2,609.23 1 0
github.com/zylo-lang/zylo/internal/evaluator/evaluator.go:613.85,614.6 1 0
github.com/zylo-lang/zylo/internal/evaluator/evaluator.go:614.6,616.17 2 0
github.com/zylo-lang/zylo/internal/evaluator/evaluator.go:616.17,618.4 1 0
github.com/zylo-lang/zylo/internal/evaluator/evaluator.go:620.3,620.29 1 0
github.com/zylo-lang/zylo/internal/evaluator/evaluator.go:620.29,621.9 1 0
github.com/zylo-lang/zylo/internal/evaluator/evaluator.go:625.3,625.49 1 0
github.com/zylo-lang/zylo/internal/evaluator/evaluator.go:625.49,627.18 2 0
github.com/zylo-lang/zylo/internal/evaluator/evaluator.go:627.18,629.5 1 0
github.com/zylo-lang/zylo/internal/evaluator/evaluator.go:632.4,632.40 1 0
github.com/zylo-lang/zylo/internal/evaluator/evaluator.go:632.40,634.5 1 0
github.com/zylo-lang/zylo/internal/evaluator/evaluator.go:635.4,635.43 1 0
github.com/zylo-lang/zylo/internal/evaluator/evaluator.go:635.43,636.10 1 0
github.com/zylo-lang/zylo/internal/evaluator/evaluator.go:641.2,641.21 1 0
github.com/zylo-lang/zylo/internal/evaluator/evaluator.go:645.85,647.16 2 0
github.com/zylo-lang/zylo/internal/evaluator/evaluator.go:647.16,649.3 1 0
github.com/zylo-lang/zylo/internal/evaluator/evaluator.go:651.2,651.33 1 0
github.com/zylo-lang/zylo/internal/evaluator/evaluator.go:652.13,653.38 1 0
github.com/zylo-lang/zylo/internal/evaluator/evaluator.go:653.38,657.18 3 0
github.com/zylo-lang/zylo/internal/evaluator/evaluator.go:657.18,659.5 1 0
github.com/zylo-lang/zylo/internal/evaluator/evaluator.go:662.4,662.41 1 0
github.com/zylo-lang/zylo/internal/evaluator/evaluator.go:662.41,663.10 1 0
github.com/zylo-lang/zylo/internal/evaluator/evaluator.go:665.4,665.44 1 0
github.com/zylo-lang/zylo/internal/evaluator/evaluator.go:665.44,666.13 1 0
github.com/zylo-lang/zylo/internal/evaluator/evaluator.go:669.15,670.35 1 0
github.com/zylo-lang/zylo/internal/evaluator/evaluator.go:670.35,674.18 3 0
github.com/zylo-lang/zylo/internal/evaluator/evaluator.go:674.18,676.5 1 0
github.com/zylo-lang/zylo/internal/evaluator/evaluator.go:679.4,679.41 1 0
github.com/zylo-lang/zylo/internal/evaluator/evaluator.go:679.41,680.10 1 0
github.com/zylo-lang/zylo/internal/evaluator/evaluator.go:682.4,682.44 1 0
github.com/zylo-lang/zylo/internal/evaluator/evaluator.go:682.44,683.13 1 0
github.com/zylo-lang/zylo/internal/evaluator/evaluator.go:686.10,687.61 1 0
github.com/zylo-lang/zylo/internal/evaluator/evaluator.go:690.2,690.21 1 0
github.com/zylo-lang/zylo/internal/evaluator/evaluator.go:694.87,695.28 1 0
github.com/zylo-lang/zylo/internal/evaluator/evaluator.go:695.28,697.3 1 0
github.com/zylo-lang/zylo/internal/evaluator/evaluator.go:699.2,702.48 2 0
github.com/zylo-lang/zylo/internal/evaluator/evaluator.go:702.48,704.3 1 0
github.com/zylo-lang/zylo/internal/evaluator/evaluator.go:707.2,707.33 1 0
github.com/zylo-lang/zylo/internal/evaluator/evaluator.go:707.33,712.3 3 0
github.com/zylo-lang/zylo/internal/evaluator/evaluator.go:714.2,714.61 1 0
github.com/zylo-lang/zylo/internal/evaluator/evaluator.go:718.85,720.2 1 0
github.com/zylo-lang/zylo/internal/evaluator/evaluator.go:723.91,725.2 1 0
github.com/zylo-lang/zylo/internal/evaluator/evaluator.go:728.85,738.39 2 0
github.com/zylo-lang/zylo/internal/evaluator/evaluator.go:738.39,739.24 1 0
github.com/zylo-lang/zylo/internal/evaluator/evaluator.go:739.24,741.18 2 0
github.com/zylo-lang/zylo/internal/evaluator/evaluator.go:741.18,743.5 1 0
github.com/zylo-lang/zylo/internal/evaluator/evaluator.go:744.4,744.48 1 0
github.com/zylo-lang/zylo/internal/evaluator/evaluator.go:745.9,747.4 1 0
github.com/zylo-lang/zylo/internal/evaluator/evaluator.go:751.2,751.38 1 0
github.com/zylo-lang/zylo/internal/evaluator/evaluator.go:751.38,761.34 3 0
github.com/zylo-lang/zylo/internal/evaluator/evaluator.go:761.34,763.4 1 0
github.com/zylo-lang/zylo/internal/evaluator/evaluator.go:766.2,767.21 2 0
github.com/zylo-lang/zylo/internal/evaluator/evaluator.go:771.75,772.16 1 0
github.com/zylo-lang/zylo/internal/evaluator/evaluator.go:772.16,774.3 1 0
github.com/zylo-lang/zylo/internal/evaluator/evaluator.go:776.2,776.26 1 0
github.com/zylo-lang/zylo/internal/evaluator/evaluator.go:777.23,778.16 1 0
github.com/zylo-lang/zylo/internal/evaluator/evaluator.go:778.16,780.4 1 0
github.com/zylo-lang/zylo/internal/evaluator/evaluator.go:781.3,781.34 1 0
github.com/zylo-lang/zylo/internal/evaluator/evaluator.go:782.26,783.16 1 0
github.com/zylo-lang/zylo/internal/evaluator/evaluator.go:783.16,785.4 1 0
github.com/zylo-lang/zylo/internal/evaluator/evaluator.go:786.3,786.39 1 0
github.com/zylo-lang/zylo/internal/evaluator/evaluator.go:787.26,788.16 1 0
github.com/zylo-lang/zylo/internal/evaluator/evaluator.go:788.16,790.4 1 0
github.com/zylo-lang/zylo/internal/evaluator/evaluator.go:791.3,791.40 1 0
github.com/zylo-lang/zylo/internal/evaluator/evaluator.go:791.40,793.4 1 0
github.com/zylo-lang/zylo/internal/evaluator/evaluator.go:793.9,793.45 1 0
github.com/zylo-lang/zylo/internal/evaluator/evaluator.go:793.45,795.4 1 0
github.com/zylo-lang/zylo/internal/evaluator/evaluator.go:796.3,796.33 1 0
github.com/zylo-lang/zylo/internal/evaluator/evaluator.go:797.27,798.16 1 0
github.com/zylo-lang/zylo/internal/evaluator/evaluator.go:798.16,800.4 1 0
github.com/zylo-lang/zylo/internal/evaluator/evaluator.go:801.3,801.40 1 0
github.com/zylo-lang/zylo/internal/evaluator/evaluator.go:802.24,803.16 1 0
github.com/zylo-lang/zylo/internal/evaluator/evaluator.go:803.16,805.4 1 0
github.com/zylo-lang/zylo/internal/evaluator/evaluator.go:806.3,806.22 1 0
github.com/zylo-lang/zylo/internal/evaluator/evaluator.go:807.27,808.16 1 0
github.com/zylo-lang/zylo/internal/evaluator/evaluator.go:808.16,810.4 1 0
github.com/zylo-lang/zylo/internal/evaluator/evaluator.go:811.3,811.38 1 0
github.com/zylo-lang/zylo/internal/evaluator/evaluator.go:812.29,813.16 1 0
github.com/zylo-lang/zylo/internal/evaluator/evaluator.go:813.16,815.4 1 0
github.com/zylo-lang/zylo/internal/evaluator/evaluator.go:816.3,816.40 1 0
github.com/zylo-lang/zylo/internal/evaluator/evaluator.go:817.24,818.16 1 0
github.com/zylo-lang/zylo/internal/evaluator/evaluator.go:818.16,820.4 1 0
github.com/zylo-lang/zylo/internal/evaluator/evaluator.go:821.3,822.34 2 0
github.com/zylo-lang/zylo/internal/evaluator/evaluator.go:822.34,825.18 3 0
github.com/zylo-lang/zylo/internal/evaluator/evaluator.go:825.18,827.5 1 0
github.com/zylo-lang/zylo/internal/evaluator/evaluator.go:829.3,829.37 1 0
github.com/zylo-lang/zylo/internal/evaluator/evaluator.go:830.24,831.16 1 0
github.com/zylo-lang/zylo/internal/evaluator/evaluator.go:831.16,833.4 1 0
github.com/zylo-lang/zylo/internal/evaluator/evaluator.go:834.3,835.36 2 0
github.com/zylo-lang/zylo/internal/evaluator/evaluator.go:835.36,837.18 2 0
github.com/zylo-lang/zylo/internal/evaluator/evaluator.go:837.18,839.5 1 0
github.com/zylo-lang/zylo/internal/evaluator/evaluator.go:841.4,842.11 2 0
github.com/zylo-lang/zylo/internal/evaluator/evaluator.go:842.11,844.5 1 0
github.com/zylo-lang/zylo/internal/evaluator/evaluator.go:845.4,846.18 2 0
github.com/zylo-lang/zylo/internal/evaluator/evaluator.go:846.18,848.5 1 0
github.com/zylo-lang/zylo/internal/evaluator/evaluator.go:849.4,849.29 1 0
github.com/zylo-lang/zylo/internal/evaluator/evaluator.go:851.3,851.34 1 0
github.com/zylo-lang/zylo/internal/evaluator/evaluator.go:852.28,853.16 1 0
github.com/zylo-lang/zylo/internal/evaluator/evaluator.go:853.16,855.4 1 0
github.com/zylo-lang/zylo/internal/evaluator/evaluator.go:856.3,857.17 2 0
github.com/zylo-lang/zylo/internal/evaluator/evaluator.go:857.17,859.4 1 0
github.com/zylo-lang/zylo/internal/evaluator/evaluator.go:860.3,861.17 2 0
github.com/zylo-lang/zylo/internal/evaluator/evaluator.go:861.17,863.4 1 0
github.com/zylo-lang/zylo/internal/evaluator/evaluator.go:864.3,864.35 1 0
github.com/zylo-lang/zylo/internal/evaluator/evaluator.go:865.28,866.16 1 0
github.com/zylo-lang/zylo/internal/evaluator/evaluator.go:866.16,868.4 1 0
github.com/zylo-lang/zylo/internal/evaluator/evaluator.go:869.3,869.39 1 0
github.com/zylo-lang/zylo/internal/evaluator/evaluator.go:870.29,871.16 1 0
github.com/zylo-lang/zylo/internal/evaluator/evaluator.go:871.16,873.4 1 0
github.com/zylo-lang/zylo/internal/evaluator/evaluator.go:874.3,874.40 1 0
github.com/zylo-lang/zylo/internal/evaluator/evaluator.go:875.27,876.16 1 0
github.com/zylo-lang/zylo/internal/evaluator/evaluator.go:876.16,878.4 1 0
github.com/zylo-lang/zylo/internal/evaluator/evaluator.go:879.3,879.38 1 0
github.com/zylo-lang/zylo/internal/evaluator/evaluator.go:880.28,881.16 1 0
github.com/zylo-lang/zylo/internal/evaluator/evaluator.go:881.16,883.4 1 0
github.com/zylo-lang/zylo/internal/evaluator/evaluator.go:884.3,884.39 1 0
github.com/zylo-lang/zylo/internal/evaluator/evaluator.go:885.10,886.60 1 0
github.com/zylo-lang/zylo/internal/evaluator/evaluator.go:891.76,893.13 2 0
github.com/zylo-lang/zylo/internal/evaluator/evaluator.go:893.13,895.3 1 0
github.com/zylo-lang/zylo/internal/evaluator/evaluator.go:896.2,896.19 1 0
github.com/zylo-lang/zylo/internal/evaluator/evaluator.go:900.88,901.23 1 0
github.com/zylo-lang/zylo/internal/evaluator/evaluator.go:901.23,903.3 1 0
github.com/zylo-lang/zylo/internal/evaluator/evaluator.go:904.2,904.25 1 0
github.com/zylo-lang/zylo/internal/evaluator/evaluator.go:904.25,906.3 1 0
github.com/zylo-lang/zylo/internal/evaluator/evaluator.go:909.2,912.56 2 0
github.com/zylo-lang/zylo/internal/evaluator/evaluator.go:912.56,919.53 3 0
github.com/zylo-lang/zylo/internal/evaluator/evaluator.go:919.53,921.4 1 0
github.com/zylo-lang/zylo/internal/evaluator/evaluator.go:925.3,926.17 2 0
github.com/zylo-lang/zylo/internal/evaluator/evaluator.go:926.17,928.4 1 0
github.com/zylo-lang/zylo/internal/evaluator/evaluator.go:929.3,929.17 1 0
github.com/zylo-lang/zylo/internal/evaluator/evaluator.go:929.17,931.4 1 0
github.com/zylo-lang/zylo/internal/evaluator/evaluator.go:934.2,934.86 1 0
github.com/zylo-lang/zylo/internal/evaluator/evaluator.go:934.86,935.19 1 0
github.com/zylo-lang/zylo/internal/evaluator/evaluator.go:936.16,939.43 1 0
github.com/zylo-lang/zylo/internal/evaluator/evaluator.go:939.43,940.24 1 0
github.com/zylo-lang/zylo/internal/evaluator/evaluator.go:940.24,942.7 1 0
github.com/zylo-lang/zylo/internal/evaluator/evaluator.go:943.6,944.13 2 0
github.com/zylo-lang/zylo/internal/evaluator/evaluator.go:944.13,946.7 1 0
github.com/zylo-lang/zylo/internal/evaluator/evaluator.go:947.6,948.13 2 0
github.com/zylo-lang/zylo/internal/evaluator/evaluator.go:948.13,950.7 1 0
github.com/zylo-lang/zylo/internal/evaluator/evaluator.go:951.6,953.33 3 0
github.com/zylo-lang/zylo/internal/evaluator/evaluator.go:953.33,955.7 1 0
github.com/zylo-lang/zylo/internal/evaluator/evaluator.go:956.6,956.37 1 0
github.com/zylo-lang/zylo/internal/evaluator/evaluator.go:959.11,960.78 1 0
github.com/zylo-lang/zylo/internal/evaluator/evaluator.go:965.2,965.33 1 0
github.com/zylo-lang/zylo/internal/evaluator/evaluator.go:965.33,966.19 1 0
github.com/zylo-lang/zylo/internal/evaluator/evaluator.go:967.14,970.43 1 0
github.com/zylo-lang/zylo/internal/evaluator/evaluator.go:970.43,971.24 1 0
github.com/zylo-lang/zylo/internal/evaluator/evaluator.go:971.24,973.7 1 0
github.com/zylo-lang/zylo/internal/evaluator/evaluator.go:974.6,975.13 2 0
github.com/zylo-lang/zylo/internal/evaluator/evaluator.go:975.13,977.7 1 0
github.com/zylo-lang/zylo/internal/evaluator/evaluator.go:978.6,978.60 1 0
github.com/zylo-lang/zylo/internal/evaluator/evaluator.go:978.60,980.7 1 0
github.com/zylo-lang/zylo/internal/evaluator/evaluator.go:981.6,981.39 1 0
github.com/zylo-lang/zylo/internal/evaluator/evaluator.go:984.17,987.43 1 0
github.com/zylo-lang/zylo/internal/evaluator/evaluator.go:987.43,988.24 1 0
github.com/zylo-lang/zylo/internal/evaluator/evaluator.go:988.24,990.7 1 0
github.com/zylo-lang/zylo/internal/evaluator/evaluator.go:991.6,992.25 2 0
github.com/zylo-lang/zylo/internal/evaluator/evaluator.go:995.14,998.43 1 0
github.com/zylo-lang/zylo/internal/evaluator/evaluator.go:998.43,1000.6 1 0
github.com/zylo-lang/zylo/internal/evaluator/evaluator.go:1002.11,1003.69 1 0
github.com/zylo-lang/zylo/internal/evaluator/evaluator.go:1008.2,1008.45 1 0
github.com/zylo-lang/zylo/internal/evaluator/evaluator.go:1008.45,1009.57 1 0
github.com/zylo-lang/zylo/internal/evaluator/evaluator.go:1009.57,1011.4 1 0
github.com/zylo-lang/zylo/internal/evaluator/evaluator.go:1012.3,1012.65 1 0
github.com/zylo-lang/zylo/internal/evaluator/evaluator.go:1012.65,1018.4 1 0
github.com/zylo-lang/zylo/internal/evaluator/evaluator.go:1019.3,1019.101 1 0
github.com/zylo-lang/zylo/internal/evaluator/evaluator.go:1022.2,1022.76 1 0
github.com/zylo-lang/zylo/internal/evaluator/evaluator.go:1026.84,1027.25 1 0
github.com/zylo-lang/zylo/internal/evaluator/evaluator.go:1027.25,1029.3 1 0
github.com/zylo-lang/zylo/internal/evaluator/evaluator.go:1032.2,1033.16 2 0
github.com/zylo-lang/zylo/internal/evaluator/evaluator.go:1033.16,1035.3 1 0
github.com/zylo-lang/zylo/internal/evaluator/evaluator.go:1038.2,1038.38 1 0
github.com/zylo-lang/zylo/internal/evaluator/evaluator.go:1038.38,1040.3 1 0
github.com/zylo-lang/zylo/internal/evaluator/evaluator.go:1043.2,1044.36 2 0
github.com/zylo-lang/zylo/internal/evaluator/evaluator.go:1044.36,1045.17 1 0
github.com/zylo-lang/zylo/internal/evaluator/evaluator.go:1045.17,1047.4 1 0
github.com/zylo-lang/zylo/internal/evaluator/evaluator.go:1048.3,1049.17 2 0
github.com/zylo-lang/zylo/internal/evaluator/evaluator.go:1049.17,1051.4 1 0
github.com/zylo-lang/zylo/internal/evaluator/evaluator.go:1055.2,1055.33 1 0
github.com/zylo-lang/zylo/internal/evaluator/evaluator.go:1059.86,1060.21 1 0
github.com/zylo-lang/zylo/internal/evaluator/evaluator.go:1060.21,1062.3 1 0
github.com/zylo-lang/zylo/internal/evaluator/evaluator.go:1063.2,1063.22 1 0
github.com/zylo-lang/zylo/internal/evaluator/evaluator.go:1063.22,1065.3 1 0
github.com/zylo-lang/zylo/internal/evaluator/evaluator.go:1068.2,1068.25 1 0
github.com/zylo-lang/zylo/internal/evaluator/evaluator.go:1068.25,1071.10 2 0
github.com/zylo-lang/zylo/internal/evaluator/evaluator.go:1071.10,1073.4 1 0
github.com/zylo-lang/zylo/internal/evaluator/evaluator.go:1076.3,1077.17 2 0
github.com/zylo-lang/zylo/internal/evaluator/evaluator.go:1077.17,1079.4 1 0
github.com/zylo-lang/zylo/internal/evaluator/evaluator.go:1082.3,1083.14 2 0
github.com/zylo-lang/zylo/internal/evaluator/evaluator.go:1083.14,1085.4 1 0
github.com/zylo-lang/zylo/internal/evaluator/evaluator.go:1088.3,1089.20 2 0
github.com/zylo-lang/zylo/internal/evaluator/evaluator.go:1092.2,1093.16 2 0
github.com/zylo-lang/zylo/internal/evaluator/evaluator.go:1093.16,1095.3 1 0
github.com/zylo-lang/zylo/internal/evaluator/evaluator.go:1097.2,1098.16 2 0
github.com/zylo-lang/zylo/internal/evaluator/evaluator.go:1098.16,1100.3 1 0
github.com/zylo-lang/zylo/internal/evaluator/evaluator.go:1102.2,1102.51 1 0
github.com/zylo-lang/zylo/internal/evaluator/evaluator.go:1106.88,1107.22 1 0
github.com/zylo-lang/zylo/internal/evaluator/evaluator.go:1107.22,1109.3 1 0
github.com/zylo-lang/zylo/internal/evaluator/evaluator.go:1111.2,1112.16 2 0
github.com/zylo-lang/zylo/internal/evaluator/evaluator.go:1112.16,1114.3 1 0
github.com/zylo-lang/zylo/internal/evaluator/evaluator.go:1116.2,1116.22 1 0
github.com/zylo-lang/zylo/internal/evaluator/evaluator.go:1117.11,1118.50 1 0
github.com/zylo-lang/zylo/internal/evaluator/evaluator.go:1119.11,1120.38 1 0
github.com/zylo-lang/zylo/internal/evaluator/evaluator.go:1120.38,1122.4 1 0
github.com/zylo-lang/zylo/internal/evaluator/evaluator.go:1123.3,1123.74 1 0
github.com/zylo-lang/zylo/internal/evaluator/evaluator.go:1124.10,1125.76 1 0
github.com/zylo-lang/zylo/internal/evaluator/evaluator.go:1130.73,1131.15 1 0
github.com/zylo-lang/zylo/internal/evaluator/evaluator.go:1131.15,1133.3 1 0
github.com/zylo-lang/zylo/internal/evaluator/evaluator.go:1134.2,1134.24 1 0
github.com/zylo-lang/zylo/internal/evaluator/evaluator.go:1135.21,1136.37 1 0
github.com/zylo-lang/zylo/internal/evaluator/evaluator.go:1137.24,1138.20 1 0
github.com/zylo-lang/zylo/internal/evaluator/evaluator.go:1139.20,1140.36 1 0
github.com/zylo-lang/zylo/internal/evaluator/evaluator.go:1141.10,1143.44 1 0
github.com/zylo-lang/zylo/internal/evaluator/evaluator.go:1143.44,1145.4 1 0
github.com/zylo-lang/zylo/internal/evaluator/evaluator.go:1146.3,1146.57 1 0
github.com/zylo-lang/zylo/internal/evaluator/evaluator.go:1151.94,1158.44 2 0
github.com/zylo-lang/zylo/internal/evaluator/evaluator.go:1158.44,1160.3 1 0
github.com/zylo-lang/zylo/internal/evaluator/evaluator.go:1163.2,1163.29 1 0
github.com/zylo-lang/zylo/internal/evaluator/evaluator.go:1163.29,1166.28 2 0
github.com/zylo-lang/zylo/internal/evaluator/evaluator.go:1166.28,1169.18 3 0
github.com/zylo-lang/zylo/internal/evaluator/evaluator.go:1169.18,1171.5 1 0
github.com/zylo-lang/zylo/internal/evaluator/evaluator.go:1175.3,1179.53 3 0
github.com/zylo-lang/zylo/internal/evaluator/evaluator.go:1179.53,1180.25 1 0
github.com/zylo-lang/zylo/internal/evaluator/evaluator.go:1180.25,1182.5 1 0
github.com/zylo-lang/zylo/internal/evaluator/evaluator.go:1186.3,1188.16 3 0
github.com/zylo-lang/zylo/internal/evaluator/evaluator.go:1188.16,1188.34 1 0
github.com/zylo-lang/zylo/internal/evaluator/evaluator.go:1190.3,1191.17 2 0
github.com/zylo-lang/zylo/internal/evaluator/evaluator.go:1191.17,1193.4 1 0
github.com/zylo-lang/zylo/internal/evaluator/evaluator.go:1196.2,1196.22 1 0
github.com/zylo-lang/zylo/internal/evaluator/evaluator.go:1200.85,1205.38 2 0
github.com/zylo-lang/zylo/internal/evaluator/evaluator.go:1205.38,1206.20 1 0
github.com/zylo-lang/zylo/internal/evaluator/evaluator.go:1206.20,1208.4 1 0
github.com/zylo-lang/zylo/internal/evaluator/evaluator.go:1212.2,1214.15 3 0
github.com/zylo-lang/zylo/internal/evaluator/evaluator.go:1214.15,1214.33 1 0
github.com/zylo-lang/zylo/internal/evaluator/evaluator.go:1216.2,1217.16 2 0
github.com/zylo-lang/zylo/internal/evaluator/evaluator.go:1217.16,1219.3 1 0
github.com/zylo-lang/zylo/internal/evaluator/evaluator.go:1220.2,1220.20 1 0
github.com/zylo-lang/zylo/internal/evaluator/evaluator.go:1224.92,1230.54 3 0
github.com/zylo-lang/zylo/internal/evaluator/evaluator.go:1230.54,1231.20 1 0
github.com/zylo-lang/zylo/internal/evaluator/evaluator.go:1231.20,1233.4 1 0
github.com/zylo-lang/zylo/internal/evaluator/evaluator.go:1237.2,1239.15 3 0
github.com/zylo-lang/zylo/internal/evaluator/evaluator.go:1239.15,1239.33 1 0
github.com/zylo-lang/zylo/internal/evaluator/evaluator.go:1241.2,1242.16 2 0
github.com/zylo-lang/zylo/internal/evaluator/evaluator.go:1242.16,1244.3 1 0
github.com/zylo-lang/zylo/internal/evaluator/evaluator.go:1245.2,1245.20 1 0
github.com/zylo-lang/zylo/internal/evaluator/evaluator.go:1249.84,1252.13 2 0
github.com/zylo-lang/zylo/internal/evaluator/evaluator.go:1252.13,1254.3 1 0
github.com/zylo-lang/zylo/internal/evaluator/evaluator.go:1255.2,1255.19 1 0
github.com/zylo-lang/zylo/internal/evaluator/evaluator.go:1259.83,1261.48 1 0
github.com/zylo-lang/zylo/internal/evaluator/evaluator.go:1261.48,1262.47 1 0
github.com/zylo-lang/zylo/internal/evaluator/evaluator.go:1262.47,1264.4 1 0
github.com/zylo-lang/zylo/internal/evaluator/evaluator.go:1266.2,1266.58 1 0
github.com/zylo-lang/zylo/internal/evaluator/evaluator.go:1270.86,1272.33 1 0
github.com/zylo-lang/zylo/internal/evaluator/evaluator.go:1272.33,1274.3 1 0
github.com/zylo-lang/zylo/internal/evaluator/evaluator.go:1276.2,1276.18 1 0
github.com/zylo-lang/zylo/internal/evaluator/evaluator.go:1277.11,1279.40 1 0
github.com/zylo-lang/zylo/internal/evaluator/evaluator.go:1279.40,1280.43 1 0
github.com/zylo-lang/zylo/internal/evaluator/evaluator.go:1280.43,1282.5 1 0
github.com/zylo-lang/zylo/internal/evaluator/evaluator.go:1284.4,1284.44 1 0
github.com/zylo-lang/zylo/internal/evaluator/evaluator.go:1284.44,1286.5 1 0
github.com/zylo-lang/zylo/internal/evaluator/evaluator.go:1287.4,1287.44 1 0
github.com/zylo-lang/zylo/internal/evaluator/evaluator.go:1287.44,1289.5 1 0
github.com/zylo-lang/zylo/internal/evaluator/evaluator.go:1292.3,1292.42 1 0
github.com/zylo-lang/zylo/internal/evaluator/evaluator.go:1292.42,1293.42 1 0
github.com/zylo-lang/zylo/internal/evaluator/evaluator.go:1293.42,1295.5 1 0
github.com/zylo-lang/zylo/internal/evaluator/evaluator.go:1296.4,1296.42 1 0
github.com/zylo-lang/zylo/internal/evaluator/evaluator.go:1296.42,1298.5 1 0
github.com/zylo-lang/zylo/internal/evaluator/evaluator.go:1301.3,1301.41 1 0
github.com/zylo-lang/zylo/internal/evaluator/evaluator.go:1301.41,1302.44 1 0
github.com/zylo-lang/zylo/internal/evaluator/evaluator.go:1302.44,1304.5 1 0
github.com/zylo-lang/zylo/internal/evaluator/evaluator.go:1305.4,1305.44 1 0
github.com/zylo-lang/zylo/internal/evaluator/evaluator.go:1305.44,1307.5 1 0
github.com/zylo-lang/zylo/internal/evaluator/evaluator.go:1309.3,1309.41 1 0
github.com/zylo-lang/zylo/internal/evaluator/evaluator.go:1309.41,1310.44 1 0
github.com/zylo-lang/zylo/internal/evaluator/evaluator.go:1310.44,1312.5 1 0
github.com/zylo-lang/zylo/internal/evaluator/evaluator.go:1313.4,1313.44 1 0
github.com/zylo-lang/zylo/internal/evaluator/evaluator.go:1313.44,1315.5 1 0
github.com/zylo-lang/zylo/internal/evaluator/evaluator.go:1317.11,1318.41 1 0
github.com/zylo-lang/zylo/internal/evaluator/evaluator.go:1318.41,1319.44 1 0
github.com/zylo-lang/zylo/internal/evaluator/evaluator.go:1319.44,1321.5 1 0
github.com/zylo-lang/zylo/internal/evaluator/evaluator.go:1322.4,1322.44 1 0
github.com/zylo-lang/zylo/internal/evaluator/evaluator.go:1322.44,1324.5 1 0
github.com/zylo-lang/zylo/internal/evaluator/evaluator.go:1326.3,1326.41 1 0
github.com/zylo-lang/zylo/internal/evaluator/evaluator.go:1326.41,1327.44 1 0
github.com/zylo-lang/zylo/internal/evaluator/evaluator.go:1327.44,1329.5 1 0
github.com/zylo-lang/zylo/internal/evaluator/evaluator.go:1330.4,1330.44 1 0
github.com/zylo-lang/zylo/internal/evaluator/evaluator.go:1330.44,1332.5 1 0
github.com/zylo-lang/zylo/internal/evaluator/evaluator.go:1334.11,1335.41 1 0
github.com/zylo-lang/zylo/internal/evaluator/evaluator.go:1335.41,1336.44 1 0
github.com/zylo-lang/zylo/internal/evaluator/evaluator.go:1336.44,1338.5 1 0
github.com/zylo-lang/zylo/internal/evaluator/evaluator.go:1339.4,1339.44 1 0
github.com/zylo-lang/zylo/internal/evaluator/evaluator.go:1339.44,1341.5 1 0
github.com/zylo-lang/zylo/internal/evaluator/evaluator.go:1343.3,1343.41 1 0
github.com/zylo-lang/zylo/internal/evaluator/evaluator.go:1343.41,1344.44 1 0
github.com/zylo-lang/zylo/internal/evaluator/evaluator.go:1344.44,1346.5 1 0
github.com/zylo-lang/zylo/internal/evaluator/evaluator.go:1347.4,1347.44 1 0
github.com/zylo-lang/zylo/internal/evaluator/evaluator.go:1347.44,1349.5 1 0
github.com/zylo-lang/zylo/internal/evaluator/evaluator.go:1351.11,1352.41 1 0
github.com/zylo-lang/zylo/internal/evaluator/evaluator.go:1352.41,1353.44 1 0
github.com/zylo-lang/zylo/internal/evaluator/evaluator.go:1353.44,1354.28 1 0
github.com/zylo-lang/zylo/internal/evaluator/evaluator.go:1354.28,1356.6 1 0
github.com/zylo-lang/zylo/internal/evaluator/evaluator.go:1357.5,1357.64 1 0
github.com/zylo-lang/zylo/internal/evaluator/evaluator.go:1359.4,1359.44 1 0
github.com/zylo-lang/zylo/internal/evaluator/evaluator.go:1359.44,1360.30 1 0
github.com/zylo-lang/zylo/internal/evaluator/evaluator.go:1360.30,1362.6 1 0
github.com/zylo-lang/zylo/internal/evaluator/evaluator.go:1363.5,1363.73 1 0
github.com/zylo-lang/zylo/internal/evaluator/evaluator.go:1366.3,1366.41 1 0
github.com/zylo-lang/zylo/internal/evaluator/evaluator.go:1366.41,1367.44 1 0
github.com/zylo-lang/zylo/internal/evaluator/evaluator.go:1367.44,1368.28 1 0
github.com/zylo-lang/zylo/internal/evaluator/evaluator.go:1368.28,1370.6 1 0
github.com/zylo-lang/zylo/internal/evaluator/evaluator.go:1371.5,1371.73 1 0
github.com/zylo-lang/zylo/internal/evaluator/evaluator.go:1373.4,1373.44 1 0
github.com/zylo-lang/zylo/internal/evaluator/evaluator.go:1373.44,1374.30 1 0
github.com/zylo-lang/zylo/internal/evaluator/evaluator.go:1374.30,1376.6 1 0
github.com/zylo-lang/zylo/internal/evaluator/evaluator.go:1377.5,1377.66 1 0
github.com/zylo-lang/zylo/internal/evaluator/evaluator.go:1380.12,1382.40 1 0
github.com/zylo-lang/zylo/internal/evaluator/evaluator.go:1382.40,1383.43 1 0
github.com/zylo-lang/zylo/internal/evaluator/evaluator.go:1383.43,1385.5 1 0
github.com/zylo-lang/zylo/internal/evaluator/evaluator.go:1388.3,1388.41 1 0
github.com/zylo-lang/zylo/internal/evaluator/evaluator.go:1388.41,1389.44 1 0
github.com/zylo-lang/zylo/internal/evaluator/evaluator.go:1389.44,1391.5 1 0
github.com/zylo-lang/zylo/internal/evaluator/evaluator.go:1392.4,1392.44 1 0
github.com/zylo-lang/zylo/internal/evaluator/evaluator.go:1392.44,1394.5 1 0
github.com/zylo-lang/zylo/internal/evaluator/evaluator.go:1396.3,1396.41 1 0
github.com/zylo-lang/zylo/internal/evaluator/evaluator.go:1396.41,1397.44 1 0
github.com/zylo-lang/zylo/internal/evaluator/evaluator.go:1397.44,1399.5 1 0
github.com/zylo-lang/zylo/internal/evaluator/evaluator.go:1400.4,1400.44 1 0
github.com/zylo-lang/zylo/internal/evaluator/evaluator.go:1400.44,1402.5 1 0
github.com/zylo-lang/zylo/internal/evaluator/evaluator.go:1405.3,1405.42 1 0
github.com/zylo-lang/zylo/internal/evaluator/evaluator.go:1405.42,1406.45 1 0
github.com/zylo-lang/zylo/internal/evaluator/evaluator.go:1406.45,1408.5 1 0
github.com/zylo-lang/zylo/internal/evaluator/evaluator.go:1410.3,1410.37 1 0
github.com/zylo-lang/zylo/internal/evaluator/evaluator.go:1411.12,1413.40 1 0
github.com/zylo-lang/zylo/internal/evaluator/evaluator.go:1413.40,1414.43 1 0
github.com/zylo-lang/zylo/internal/evaluator/evaluator.go:1414.43,1416.5 1 0
github.com/zylo-lang/zylo/internal/evaluator/evaluator.go:1419.3,1419.41 1 0
github.com/zylo-lang/zylo/internal/evaluator/evaluator.go:1419.41,1420.44 1 0
github.com/zylo-lang/zylo/internal/evaluator/evaluator.go:1420.44,1422.5 1 0
github.com/zylo-lang/zylo/internal/evaluator/evaluator.go:1423.4,1423.44 1 0
github.com/zylo-lang/zylo/internal/evaluator/evaluator.go:1423.44,1425.5 1 0
github.com/zylo-lang/zylo/internal/evaluator/evaluator.go:1427.3,1427.41 1 0
github.com/zylo-lang/zylo/internal/evaluator/evaluator.go:1427.41,1428.44 1 0
github.com/zylo-lang/zylo/internal/evaluator/evaluator.go:1428.44,1430.5 1 0
github.com/zylo-lang/zylo/internal/evaluator/evaluator.go:1431.4,1431.44 1 0
github.com/zylo-lang/zylo/internal/evaluator/evaluator.go:1431.44,1433.5 1 0
github.com/zylo-lang/zylo/internal/evaluator/evaluator.go:1436.3,1436.42 1 0
github.com/zylo-lang/zylo/internal/evaluator/evaluator.go:1436.42,1437.45 1 0
github.com/zylo-lang/zylo/internal/evaluator/evaluator.go:1437.45,1439.5 1 0
github.com/zylo-lang/zylo/internal/evaluator/evaluator.go:1441.3,1441.36 1 0
github.com/zylo-lang/zylo/internal/evaluator/evaluator.go:1442.11,1443.41 1 0
github.com/zylo-lang/zylo/internal/evaluator/evaluator.go:1443.41,1444.44 1 0
github.com/zylo-lang/zylo/internal/evaluator/evaluator.go:1444.44,1446.5 1 0
github.com/zylo-lang/zylo/internal/evaluator/evaluator.go:1447.4,1447.44 1 0
github.com/zylo-lang/zylo/internal/evaluator/evaluator.go:1447.44,1449.5 1 0
github.com/zylo-lang/zylo/internal/evaluator/evaluator.go:1451.3,1451.41 1 0
github.com/zylo-lang/zylo/internal/evaluator/evaluator.go:1451.41,1452.44 1 0
github.com/zylo-lang/zylo/internal/evaluator/evaluator.go:1452.44,1454.5 1 0
github.com/zylo-lang/zylo/internal/evaluator/evaluator.go:1455.4,1455.44 1 0
github.com/zylo-lang/zylo/internal/evaluator/evaluator.go:1455.44,1457.5 1 0
github.com/zylo-lang/zylo/internal/evaluator/evaluator.go:1459.11,1460.41 1 0
github.com/zylo-lang/zylo/internal/evaluator/evaluator.go:1460.41,1461.44 1 0
github.com/zylo-lang/zylo/internal/evaluator/evaluator.go:1461.44,1463.5 1 0
github.com/zylo-lang/zylo/internal/evaluator/evaluator.go:1464.4,1464.44 1 0
github.com/zylo-lang/zylo/internal/evaluator/evaluator.go:1464.44,1466.5 1 0
github.com/zylo-lang/zylo/internal/evaluator/evaluator.go:1468.3,1468.41 1 0
github.com/zylo-lang/zylo/internal/evaluator/evaluator.go:1468.41,1469.44 1 0
github.com/zylo-lang/zylo/internal/evaluator/evaluator.go:1469.44,1471.5 1 0
github.com/zylo-lang/zylo/internal/evaluator/evaluator.go:1472.4,1472.44 1 0
github.com/zylo-lang/zylo/internal/evaluator/evaluator.go:1472.44,1474.5 1 0
github.com/zylo-lang/zylo/internal/evaluator/evaluator.go:1476.12,1477.41 1 0
github.com/zylo-lang/zylo/internal/evaluator/evaluator.go:1477.41,1478.44 1 0
github.com/zylo-lang/zylo/internal/evaluator/evaluator.go:1478.44,1480.5 1 0
github.com/zylo-lang/zylo/internal/evaluator/evaluator.go:1481.4,1481.44 1 0
github.com/zylo-lang/zylo/internal/evaluator/evaluator.go:1481.44,1483.5 1 0
github.com/zylo-lang/zylo/internal/evaluator/evaluator.go:1485.3,1485.41 1 0
github.com/zylo-lang/zylo/internal/evaluator/evaluator.go:1485.41,1486.44 1 0
github.com/zylo-lang/zylo/internal/evaluator/evaluator.go:1486.44,1488.5 1 0
github.com/zylo-lang/zylo/internal/evaluator/evaluator.go:1489.4,1489.44 1 0
github.com/zylo-lang/zylo/internal/evaluator/evaluator.go:1489.44,1491.5 1 0
github.com/zylo-lang/zylo/internal/evaluator/evaluator.go:1493.12,1494.41 1 0
github.com/zylo-lang/zylo/internal/evaluator/evaluator.go:1494.41,1495.44 1 0
github.com/zylo-lang/zylo/internal/evaluator/evaluator.go:1495.44,1497.5 1 0
github.com/zylo-lang/zylo/internal/evaluator/evaluator.go:1498.4,1498.44 1 0
github.com/zylo-lang/zylo/internal/evaluator/evaluator.go:1498.44,1500.5 1 0
github.com/zylo-lang/zylo/internal/evaluator/evaluator.go:1502.3,1502.41 1 0
github.com/zylo-lang/zylo/internal/evaluator/evaluator.go:1502.41,1503.44 1 0
github.com/zylo-lang/zylo/internal/evaluator/evaluator.go:1503.44,1505.5 1 0
github.com/zylo-lang/zylo/internal/evaluator/evaluator.go:1506.4,1506.44 1 0
github.com/zylo-lang/zylo/internal/evaluator/evaluator.go:1506.44,1508.5 1 0
github.com/zylo-lang/zylo/internal/evaluator/evaluator.go:1510.12,1512.16 2 0
github.com/zylo-lang/zylo/internal/evaluator/evaluator.go:1512.16,1514.4 1 0
github.com/zylo-lang/zylo/internal/evaluator/evaluator.go:1515.3,1516.41 2 0
github.com/zylo-lang/zylo/internal/evaluator/evaluator.go:1517.12,1519.15 2 0
github.com/zylo-lang/zylo/internal/evaluator/evaluator.go:1519.15,1521.4 1 0
github.com/zylo-lang/zylo/internal/evaluator/evaluator.go:1522.3,1523.41 2 0
github.com/zylo-lang/zylo/internal/evaluator/evaluator.go:1526.2,1526.96 1 0
github.com/zylo-lang/zylo/internal/evaluator/evaluator.go:1530.48,1531.18 1 0
github.com/zylo-lang/zylo/internal/evaluator/evaluator.go:1531.18,1533.3 1 0
github.com/zylo-lang/zylo/internal/evaluator/evaluator.go:1534.2,1534.41 1 0
github.com/zylo-lang/zylo/internal/evaluator/evaluator.go:1534.41,1536.3 1 0
github.com/zylo-lang/zylo/internal/evaluator/evaluator.go:1537.2,1537.40 1 0
github.com/zylo-lang/zylo/internal/evaluator/evaluator.go:1537.40,1539.3 1 0
github.com/zylo-lang/zylo/internal/evaluator/evaluator.go:1540.2,1540.39 1 0
github.com/zylo-lang/zylo/internal/evaluator/evaluator.go:1540.39,1542.3 1 0
github.com/zylo-lang/zylo/internal/evaluator/evaluator.go:1543.2,1543.13 1 0
github.com/zylo-lang/zylo/internal/evaluator/evaluator.go:1547.66,1548.17 1 0
github.com/zylo-lang/zylo/internal/evaluator/evaluator.go:1548.17,1550.3 1 0
github.com/zylo-lang/zylo/internal/evaluator/evaluator.go:1551.2,1551.26 1 0
github.com/zylo-lang/zylo/internal/evaluator/evaluator.go:1552.13,1554.10 2 0
github.com/zylo-lang/zylo/internal/evaluator/evaluator.go:1554.10,1556.4 1 0
github.com/zylo-lang/zylo/internal/evaluator/evaluator.go:1557.3,1557.54 1 0
github.com/zylo-lang/zylo/internal/evaluator/evaluator.go:1557.54,1559.4 1 0
github.com/zylo-lang/zylo/internal/evaluator/evaluator.go:1560.3,1560.33 1 0
github.com/zylo-lang/zylo/internal/evaluator/evaluator.go:1561.15,1563.10 2 0
github.com/zylo-lang/zylo/internal/evaluator/evaluator.go:1563.10,1565.4 1 0
github.com/zylo-lang/zylo/internal/evaluator/evaluator.go:1566.3,1566.54 1 0
github.com/zylo-lang/zylo/internal/evaluator/evaluator.go:1566.54,1568.4 1 0
github.com/zylo-lang/zylo/internal/evaluator/evaluator.go:1569.3,1569.57 1 0
github.com/zylo-lang/zylo/internal/evaluator/evaluator.go:1570.10,1571.50 1 0
github.com/zylo-lang/zylo/internal/evaluator/evaluator.go:1598.35,1598.57 1 0
github.com/zylo-lang/zylo/internal/evaluator/evaluator.go:1599.38,1601.2 1 0
github.com/zylo-lang/zylo/internal/evaluator/evaluator.go:1609.38,1609.63 1 0
github.com/zylo-lang/zylo/internal/evaluator/evaluator.go:1610.41,1612.2 1 0
github.com/zylo-lang/zylo/internal/evaluator/evaluator.go:1620.37,1620.66 1 0
github.com/zylo-lang/zylo/internal/evaluator/evaluator.go:1621.40,1623.2 1 0
github.com/zylo-lang/zylo/internal/evaluator/evaluator.go:1629.39,1629.61 1 0
github.com/zylo-lang/zylo/internal/evaluator/evaluator.go:1630.39,1630.57 1 0
github.com/zylo-lang/zylo/internal/evaluator/evaluator.go:1632.42,1632.67 1 0
github.com/zylo-lang/zylo/internal/evaluator/evaluator.go:1633.42,1633.63 1 0
github.com/zylo-lang/zylo/internal/parser/parser.go:37.35,71.54 20 1
github.com/zylo-lang/zylo/internal/parser/parser.go:71.54,75.4 2 0
github.com/zylo-lang/zylo/internal/parser/parser.go:78.3,100.78 15 1
github.com/zylo-lang/zylo/internal/parser/parser.go:100.78,102.4 1 1
github.com/zylo-lang/zylo/internal/parser/parser.go:103.3,103.80 1 1
github.com/zylo-lang/zylo/internal/parser/parser.go:103.80,105.4 1 0
github.com/zylo-lang/zylo/internal/parser/parser.go:106.3,111.11 4 1
github.com/zylo-lang/zylo/internal/parser/parser.go:115.79,117.3 1 1
github.com/zylo-lang/zylo/internal/parser/parser.go:120.77,122.3 1 1
github.com/zylo-lang/zylo/internal/parser/parser.go:125.47,127.3 1 1
github.com/zylo-lang/zylo/internal/parser/parser.go:130.79,140.72 6 1
github.com/zylo-lang/zylo/internal/parser/parser.go:140.72,142.4 1 1
github.com/zylo-lang/zylo/internal/parser/parser.go:144.3,144.36 1 1
github.com/zylo-lang/zylo/internal/parser/parser.go:144.36,146.25 2 1
github.com/zylo-lang/zylo/internal/parser/parser.go:146.25,148.10 2 0
github.com/zylo-lang/zylo/internal/parser/parser.go:151.4,151.11 1 1
github.com/zylo-lang/zylo/internal/parser/parser.go:152.22,154.19 2 0
github.com/zylo-lang/zylo/internal/parser/parser.go:155.12,155.12 0 1
github.com/zylo-lang/zylo/internal/parser/parser.go:159.4,162.19 3 1
github.com/zylo-lang/zylo/internal/parser/parser.go:162.19,164.5 1 1
github.com/zylo-lang/zylo/internal/parser/parser.go:167.4,167.43 1 1
github.com/zylo-lang/zylo/internal/parser/parser.go:167.43,169.5 1 1
github.com/zylo-lang/zylo/internal/parser/parser.go:171.4,171.38 1 1
github.com/zylo-lang/zylo/internal/parser/parser.go:171.38,173.10 2 0
github.com/zylo-lang/zylo/internal/parser/parser.go:177.3,177.17 1 1
github.com/zylo-lang/zylo/internal/parser/parser.go:181.37,183.3 1 1
github.com/zylo-lang/zylo/internal/parser/parser.go:186.42,188.45 2 0
github.com/zylo-lang/zylo/internal/parser/parser.go:188.45,190.4 1 0
github.com/zylo-lang/zylo/internal/parser/parser.go:191.3,191.13 1 0
github.com/zylo-lang/zylo/internal/parser/parser.go:194.35,196.3 1 0
github.com/zylo-lang/zylo/internal/parser/parser.go:199.40,200.34 1 0
github.com/zylo-lang/zylo/internal/parser/parser.go:200.34,202.4 1 0
github.com/zylo-lang/zylo/internal/parser/parser.go:206.59,209.3 2 0
github.com/zylo-lang/zylo/internal/parser/parser.go:212.63,215.38 2 0
github.com/zylo-lang/zylo/internal/parser/parser.go:215.38,217.4 1 0
github.com/zylo-lang/zylo/internal/parser/parser.go:219.3,222.36 2 0
github.com/zylo-lang/zylo/internal/parser/parser.go:222.36,224.4 1 0
github.com/zylo-lang/zylo/internal/parser/parser.go:226.3,226.14 1 0
github.com/zylo-lang/zylo/internal/parser/parser.go:230.58,233.38 2 0
github.com/zylo-lang/zylo/internal/parser/parser.go:233.38,235.4 1 0
github.com/zylo-lang/zylo/internal/parser/parser.go:237.3,239.14 2 0
github.com/zylo-lang/zylo/internal/parser/parser.go:243.61,246.3 2 0
github.com/zylo-lang/zylo/internal/parser/parser.go:249.67,252.3 2 0
github.com/zylo-lang/zylo/internal/parser/parser.go:255.54,258.3 1 0
github.com/zylo-lang/zylo/internal/parser/parser.go:261.50,262.26 1 1
github.com/zylo-lang/zylo/internal/parser/parser.go:263.21,264.35 1 0
github.com/zylo-lang/zylo/internal/parser/parser.go:265.18,266.32 1 1
github.com/zylo-lang/zylo/internal/parser/parser.go:267.19,268.33 1 1
github.com/zylo-lang/zylo/internal/parser/parser.go:269.21,270.35 1 0
github.com/zylo-lang/zylo/internal/parser/parser.go:271.17,272.31 1 1
github.com/zylo-lang/zylo/internal/parser/parser.go:273.19,276.14 2 0
github.com/zylo-lang/zylo/internal/parser/parser.go:277.20,278.34 1 0
github.com/zylo-lang/zylo/internal/parser/parser.go:279.18,280.32 1 0
github.com/zylo-lang/zylo/internal/parser/parser.go:281.18,282.32 1 0
github.com/zylo-lang/zylo/internal/parser/parser.go:283.20,284.34 1 0
github.com/zylo-lang/zylo/internal/parser/parser.go:285.20,286.34 1 0
github.com/zylo-lang/zylo/internal/parser/parser.go:287.23,288.37 1 0
github.com/zylo-lang/zylo/internal/parser/parser.go:289.20,290.34 1 0
github.com/zylo-lang/zylo/internal/parser/parser.go:291.39,292.14 1 1
github.com/zylo-lang/zylo/internal/parser/parser.go:293.26,294.14 1 0
github.com/zylo-lang/zylo/internal/parser/parser.go:295.11,296.39 1 1
github.com/zylo-lang/zylo/internal/parser/parser.go:300.57,303.38 2 1
github.com/zylo-lang/zylo/internal/parser/parser.go:303.38,305.4 1 0
github.com/zylo-lang/zylo/internal/parser/parser.go:307.3,310.33 2 1
github.com/zylo-lang/zylo/internal/parser/parser.go:310.33,312.39 2 0
github.com/zylo-lang/zylo/internal/parser/parser.go:312.39,314.5 1 0
github.com/zylo-lang/zylo/internal/parser/parser.go:319.4,319.33 1 0
github.com/zylo-lang/zylo/internal/parser/parser.go:319.33,321.39 2 0
github.com/zylo-lang/zylo/internal/parser/parser.go:321.40,323.6 0 0
github.com/zylo-lang/zylo/internal/parser/parser.go:324.5,324.32 1 0
github.com/zylo-lang/zylo/internal/parser/parser.go:328.3,328.33 1 1
github.com/zylo-lang/zylo/internal/parser/parser.go:328.33,332.4 3 1
github.com/zylo-lang/zylo/internal/parser/parser.go:334.3,334.37 1 1
github.com/zylo-lang/zylo/internal/parser/parser.go:334.37,336.4 1 1
github.com/zylo-lang/zylo/internal/parser/parser.go:338.3,338.14 1 1
github.com/zylo-lang/zylo/internal/parser/parser.go:341.63,345.105 3 0
github.com/zylo-lang/zylo/internal/parser/parser.go:345.105,347.4 1 0
github.com/zylo-lang/zylo/internal/parser/parser.go:349.3,349.37 1 0
github.com/zylo-lang/zylo/internal/parser/parser.go:349.37,351.4 1 0
github.com/zylo-lang/zylo/internal/parser/parser.go:353.3,353.14 1 0
github.com/zylo-lang/zylo/internal/parser/parser.go:356.71,360.37 1 1
github.com/zylo-lang/zylo/internal/parser/parser.go:360.37,363.4 1 0
github.com/zylo-lang/zylo/internal/parser/parser.go:365.3,369.29 3 1
github.com/zylo-lang/zylo/internal/parser/parser.go:369.29,371.4 1 0
github.com/zylo-lang/zylo/internal/parser/parser.go:374.3,374.37 1 1
github.com/zylo-lang/zylo/internal/parser/parser.go:374.37,376.4 1 1
github.com/zylo-lang/zylo/internal/parser/parser.go:378.3,378.14 1 1
github.com/zylo-lang/zylo/internal/parser/parser.go:382.58,385.37 2 1
github.com/zylo-lang/zylo/internal/parser/parser.go:385.37,387.3 1 0
github.com/zylo-lang/zylo/internal/parser/parser.go:389.2,391.37 2 1
github.com/zylo-lang/zylo/internal/parser/parser.go:391.37,393.3 1 0
github.com/zylo-lang/zylo/internal/parser/parser.go:395.2,398.32 2 1
github.com/zylo-lang/zylo/internal/parser/parser.go:398.32,400.37 2 0
github.com/zylo-lang/zylo/internal/parser/parser.go:400.38,402.4 0 0
github.com/zylo-lang/zylo/internal/parser/parser.go:402.9,404.4 1 0
github.com/zylo-lang/zylo/internal/parser/parser.go:405.8,405.44 1 1
github.com/zylo-lang/zylo/internal/parser/parser.go:405.44,409.3 1 0
github.com/zylo-lang/zylo/internal/parser/parser.go:412.2,412.35 1 1
github.com/zylo-lang/zylo/internal/parser/parser.go:412.35,414.3 1 0
github.com/zylo-lang/zylo/internal/parser/parser.go:416.2,416.37 1 1
github.com/zylo-lang/zylo/internal/parser/parser.go:416.37,418.3 1 0
github.com/zylo-lang/zylo/internal/parser/parser.go:420.2,421.13 2 1
github.com/zylo-lang/zylo/internal/parser/parser.go:424.63,427.39 2 1
github.com/zylo-lang/zylo/internal/parser/parser.go:427.39,430.4 2 1
github.com/zylo-lang/zylo/internal/parser/parser.go:432.3,438.33 4 0
github.com/zylo-lang/zylo/internal/parser/parser.go:438.33,442.4 2 0
github.com/zylo-lang/zylo/internal/parser/parser.go:444.3,444.34 1 0
github.com/zylo-lang/zylo/internal/parser/parser.go:444.34,452.34 5 0
github.com/zylo-lang/zylo/internal/parser/parser.go:452.34,455.5 2 0
github.com/zylo-lang/zylo/internal/parser/parser.go:458.3,458.39 1 0
github.com/zylo-lang/zylo/internal/parser/parser.go:458.39,460.4 1 0
github.com/zylo-lang/zylo/internal/parser/parser.go:462.3,462.21 1 0
github.com/zylo-lang/zylo/internal/parser/parser.go:468.31,471.3 2 1
[...]
github.com/zylo-lang/zylo/runtime/runtime.go:242.20,246.2 3 0
github.com/zylo-lang/zylo/runtime/runtime.go:251.27,253.2 1 0
github.com/zylo-lang/zylo/runtime/runtime.go:256.39,260.25 3 0
github.com/zylo-lang/zylo/runtime/runtime.go:260.25,261.26 1 0
github.com/zylo-lang/zylo/runtime/runtime.go:261.26,264.4 2 0
github.com/zylo-lang/zylo/runtime/runtime.go:264.9,266.4 1 0
github.com/zylo-lang/zylo/runtime/runtime.go:268.2,268.19 1 0
github.com/zylo-lang/zylo/runtime/runtime.go:268.19,270.3 1 0
github.com/zylo-lang/zylo/runtime/runtime.go:271.2,271.15 1 0
github.com/zylo-lang/zylo/runtime/runtime.go:275.49,276.21 1 0
github.com/zylo-lang/zylo/runtime/runtime.go:276.21,278.3 1 0
github.com/zylo-lang/zylo/runtime/runtime.go:279.2,280.34 2 0
github.com/zylo-lang/zylo/runtime/runtime.go:280.34,282.3 1 0
github.com/zylo-lang/zylo/runtime/runtime.go:283.2,283.15 1 0
github.com/zylo-lang/zylo/runtime/runtime.go:287.37,289.16 2 0
github.com/zylo-lang/zylo/runtime/runtime.go:289.16,291.3 1 0
github.com/zylo-lang/zylo/runtime/runtime.go:292.2,292.10 1 0
github.com/zylo-lang/zylo/runtime/runtime.go:296.35,298.2 1 0
github.com/zylo-lang/zylo/runtime/runtime.go:301.33,304.25 3 0
github.com/zylo-lang/zylo/runtime/runtime.go:304.25,305.26 1 0
github.com/zylo-lang/zylo/runtime/runtime.go:305.26,308.4 2 0
github.com/zylo-lang/zylo/runtime/runtime.go:308.9,310.4 1 0
github.com/zylo-lang/zylo/runtime/runtime.go:312.2,312.19 1 0
github.com/zylo-lang/zylo/runtime/runtime.go:312.19,314.3 1 0
github.com/zylo-lang/zylo/runtime/runtime.go:315.2,315.15 1 0
github.com/zylo-lang/zylo/runtime/runtime.go:319.32,321.2 1 0
github.com/zylo-lang/zylo/runtime/runtime.go:324.37,326.2 1 0
github.com/zylo-lang/zylo/runtime/runtime.go:329.37,331.2 1 0
github.com/zylo-lang/zylo/runtime/runtime.go:334.35,335.12 1 0
github.com/zylo-lang/zylo/runtime/runtime.go:335.12,337.3 1 0
github.com/zylo-lang/zylo/runtime/runtime.go:338.2,338.14 1 0
github.com/zylo-lang/zylo/internal/codegen/codegen.go:18.40,20.2 1 1
github.com/zylo-lang/zylo/internal/codegen/codegen.go:23.73,24.20 1 1
github.com/zylo-lang/zylo/internal/codegen/codegen.go:24.20,26.3 1 0
github.com/zylo-lang/zylo/internal/codegen/codegen.go:28.2,34.42 5 1
github.com/zylo-lang/zylo/internal/codegen/codegen.go:34.42,35.18 1 1
github.com/zylo-lang/zylo/internal/codegen/codegen.go:35.18,36.53 1 1
github.com/zylo-lang/zylo/internal/codegen/codegen.go:36.53,37.38 1 0
github.com/zylo-lang/zylo/internal/codegen/codegen.go:37.38,39.6 1 0
github.com/zylo-lang/zylo/internal/codegen/codegen.go:40.10,40.62 1 1
github.com/zylo-lang/zylo/internal/codegen/codegen.go:40.62,43.5 2 0
github.com/zylo-lang/zylo/internal/codegen/codegen.go:48.2,51.42 3 1
github.com/zylo-lang/zylo/internal/codegen/codegen.go:51.42,53.18 1 1
github.com/zylo-lang/zylo/internal/codegen/codegen.go:53.18,54.46 1 1
github.com/zylo-lang/zylo/internal/codegen/codegen.go:54.46,55.13 1 0
github.com/zylo-lang/zylo/internal/codegen/codegen.go:56.10,56.54 1 1
github.com/zylo-lang/zylo/internal/codegen/codegen.go:56.54,57.13 1 0
github.com/zylo-lang/zylo/internal/codegen/codegen.go:59.4,59.30 1 1
github.com/zylo-lang/zylo/internal/codegen/codegen.go:63.2,66.32 3 1
github.com/zylo-lang/zylo/internal/codegen/codegen.go:70.75,72.2 1 0
github.com/zylo-lang/zylo/internal/codegen/codegen.go:75.81,77.2 1 0
github.com/zylo-lang/zylo/internal/codegen/codegen.go:80.75,86.22 5 0
github.com/zylo-lang/zylo/internal/codegen/codegen.go:86.22,87.49 1 0
github.com/zylo-lang/zylo/internal/codegen/codegen.go:87.49,89.4 1 0
github.com/zylo-lang/zylo/internal/codegen/codegen.go:92.2,93.23 2 0
github.com/zylo-lang/zylo/internal/codegen/codegen.go:97.64,98.17 1 1
github.com/zylo-lang/zylo/internal/codegen/codegen.go:98.17,100.3 1 0
github.com/zylo-lang/zylo/internal/codegen/codegen.go:102.2,102.26 1 1
github.com/zylo-lang/zylo/internal/codegen/codegen.go:103.25,104.15 1 1
github.com/zylo-lang/zylo/internal/codegen/codegen.go:104.15,106.4 1 1
github.com/zylo-lang/zylo/internal/codegen/codegen.go:107.32,108.15 1 1
github.com/zylo-lang/zylo/internal/codegen/codegen.go:108.15,110.4 1 1
github.com/zylo-lang/zylo/internal/codegen/codegen.go:111.26,112.15 1 0
github.com/zylo-lang/zylo/internal/codegen/codegen.go:112.15,114.4 1 0
github.com/zylo-lang/zylo/internal/codegen/codegen.go:115.28,116.15 1 0
github.com/zylo-lang/zylo/internal/codegen/codegen.go:116.15,118.4 1 0
github.com/zylo-lang/zylo/internal/codegen/codegen.go:119.24,120.15 1 0
github.com/zylo-lang/zylo/internal/codegen/codegen.go:120.15,122.4 1 0
github.com/zylo-lang/zylo/internal/codegen/codegen.go:123.27,124.15 1 0
github.com/zylo-lang/zylo/internal/codegen/codegen.go:124.15,126.4 1 0
github.com/zylo-lang/zylo/internal/codegen/codegen.go:127.27,128.15 1 0
github.com/zylo-lang/zylo/internal/codegen/codegen.go:128.15,130.4 1 0
github.com/zylo-lang/zylo/internal/codegen/codegen.go:131.25,132.15 1 0
github.com/zylo-lang/zylo/internal/codegen/codegen.go:132.15,134.4 1 0
github.com/zylo-lang/zylo/internal/codegen/codegen.go:135.27,136.15 1 0
github.com/zylo-lang/zylo/internal/codegen/codegen.go:136.15,138.4 1 0
github.com/zylo-lang/zylo/internal/codegen/codegen.go:139.27,140.15 1 0
github.com/zylo-lang/zylo/internal/codegen/codegen.go:140.15,142.4 1 0
github.com/zylo-lang/zylo/internal/codegen/codegen.go:143.27,144.15 1 0
github.com/zylo-lang/zylo/internal/codegen/codegen.go:144.15,146.4 1 0
github.com/zylo-lang/zylo/internal/codegen/codegen.go:147.30,148.15 1 0
github.com/zylo-lang/zylo/internal/codegen/codegen.go:148.15,150.4 1 0
github.com/zylo-lang/zylo/internal/codegen/codegen.go:151.27,152.15 1 0
github.com/zylo-lang/zylo/internal/codegen/codegen.go:152.15,154.4 1 0
github.com/zylo-lang/zylo/internal/codegen/codegen.go:155.10,157.74 1 0
github.com/zylo-lang/zylo/internal/codegen/codegen.go:162.75,168.22 5 0
github.com/zylo-lang/zylo/internal/codegen/codegen.go:168.22,169.49 1 0
github.com/zylo-lang/zylo/internal/codegen/codegen.go:169.49,171.4 1 0
github.com/zylo-lang/zylo/internal/codegen/codegen.go:174.2,175.23 2 0
github.com/zylo-lang/zylo/internal/codegen/codegen.go:179.71,181.23 2 1
github.com/zylo-lang/zylo/internal/codegen/codegen.go:181.23,184.3 2 1
github.com/zylo-lang/zylo/internal/codegen/codegen.go:184.9,188.3 0 0
github.com/zylo-lang/zylo/internal/codegen/codegen.go:189.2,189.22 1 1
github.com/zylo-lang/zylo/internal/codegen/codegen.go:193.85,195.43 1 1
github.com/zylo-lang/zylo/internal/codegen/codegen.go:195.43,197.3 1 0
github.com/zylo-lang/zylo/internal/codegen/codegen.go:198.2,198.55 1 1
github.com/zylo-lang/zylo/internal/codegen/codegen.go:198.55,200.3 1 0
github.com/zylo-lang/zylo/internal/codegen/codegen.go:201.2,202.22 2 1
github.com/zylo-lang/zylo/internal/codegen/codegen.go:206.73,207.37 1 0
github.com/zylo-lang/zylo/internal/codegen/codegen.go:207.37,209.3 1 0
github.com/zylo-lang/zylo/internal/codegen/codegen.go:211.2,214.40 2 0
github.com/zylo-lang/zylo/internal/codegen/codegen.go:214.40,215.12 1 0
github.com/zylo-lang/zylo/internal/codegen/codegen.go:215.12,217.4 1 0
github.com/zylo-lang/zylo/internal/codegen/codegen.go:218.3,218.19 1 0
github.com/zylo-lang/zylo/internal/codegen/codegen.go:218.19,220.4 1 0
github.com/zylo-lang/zylo/internal/codegen/codegen.go:224.3,225.28 2 0
github.com/zylo-lang/zylo/internal/codegen/codegen.go:225.28,227.4 1 0
github.com/zylo-lang/zylo/internal/codegen/codegen.go:229.2,233.22 3 0
github.com/zylo-lang/zylo/internal/codegen/codegen.go:233.22,234.49 1 0
github.com/zylo-lang/zylo/internal/codegen/codegen.go:234.49,235.23 1 0
github.com/zylo-lang/zylo/internal/codegen/codegen.go:235.23,237.5 1 0
github.com/zylo-lang/zylo/internal/codegen/codegen.go:241.2,242.23 2 0
github.com/zylo-lang/zylo/internal/codegen/codegen.go:246.65,247.16 1 1
github.com/zylo-lang/zylo/internal/codegen/codegen.go:247.16,250.3 2 0
github.com/zylo-lang/zylo/internal/codegen/codegen.go:252.2,252.25 1 1
github.com/zylo-lang/zylo/internal/codegen/codegen.go:253.23,254.32 1 1
github.com/zylo-lang/zylo/internal/codegen/codegen.go:254.32,256.4 1 0
github.com/zylo-lang/zylo/internal/codegen/codegen.go:256.9,258.4 1 1
github.com/zylo-lang/zylo/internal/codegen/codegen.go:259.26,260.45 1 1
github.com/zylo-lang/zylo/internal/codegen/codegen.go:261.26,262.45 1 0
github.com/zylo-lang/zylo/internal/codegen/codegen.go:263.27,264.14 1 0
github.com/zylo-lang/zylo/internal/codegen/codegen.go:264.14,266.4 1 0
github.com/zylo-lang/zylo/internal/codegen/codegen.go:266.9,268.4 1 0
github.com/zylo-lang/zylo/internal/codegen/codegen.go:269.24,271.38 2 0
github.com/zylo-lang/zylo/internal/codegen/codegen.go:271.38,275.4 3 0
github.com/zylo-lang/zylo/internal/codegen/codegen.go:276.24,277.49 1 0
github.com/zylo-lang/zylo/internal/codegen/codegen.go:278.31,280.25 1 0
github.com/zylo-lang/zylo/internal/codegen/codegen.go:280.25,282.36 2 0
github.com/zylo-lang/zylo/internal/codegen/codegen.go:282.36,284.31 2 0
github.com/zylo-lang/zylo/internal/codegen/codegen.go:284.31,286.6 1 0
github.com/zylo-lang/zylo/internal/codegen/codegen.go:288.4,288.23 1 0
github.com/zylo-lang/zylo/internal/codegen/codegen.go:290.27,292.52 1 1
github.com/zylo-lang/zylo/internal/codegen/codegen.go:292.52,293.23 1 1
github.com/zylo-lang/zylo/internal/codegen/codegen.go:294.20,296.37 2 0
github.com/zylo-lang/zylo/internal/codegen/codegen.go:296.37,297.20 1 0
github.com/zylo-lang/zylo/internal/codegen/codegen.go:297.20,299.7 1 0
github.com/zylo-lang/zylo/internal/codegen/codegen.go:300.6,300.32 1 0
github.com/zylo-lang/zylo/internal/codegen/codegen.go:300.32,302.7 1 0
github.com/zylo-lang/zylo/internal/codegen/codegen.go:304.5,304.24 1 0
github.com/zylo-lang/zylo/internal/codegen/codegen.go:305.21,306.35 1 0
github.com/zylo-lang/zylo/internal/codegen/codegen.go:307.20,308.40 1 0
github.com/zylo-lang/zylo/internal/codegen/codegen.go:309.12,315.37 5 1
github.com/zylo-lang/zylo/internal/codegen/codegen.go:315.37,316.20 1 1
github.com/zylo-lang/zylo/internal/codegen/codegen.go:316.20,318.7 1 1
github.com/zylo-lang/zylo/internal/codegen/codegen.go:319.6,319.32 1 1
github.com/zylo-lang/zylo/internal/codegen/codegen.go:319.32,321.7 1 0
github.com/zylo-lang/zylo/internal/codegen/codegen.go:323.5,324.31 2 1
github.com/zylo-lang/zylo/internal/codegen/codegen.go:326.9,326.66 1 0
github.com/zylo-lang/zylo/internal/codegen/codegen.go:326.66,328.54 1 0
github.com/zylo-lang/zylo/internal/codegen/codegen.go:328.54,334.37 5 0
github.com/zylo-lang/zylo/internal/codegen/codegen.go:334.37,335.20 1 0
github.com/zylo-lang/zylo/internal/codegen/codegen.go:335.20,337.7 1 0
github.com/zylo-lang/zylo/internal/codegen/codegen.go:338.6,338.32 1 0
github.com/zylo-lang/zylo/internal/codegen/codegen.go:338.32,340.7 1 0
github.com/zylo-lang/zylo/internal/codegen/codegen.go:342.5,343.31 2 0
github.com/zylo-lang/zylo/internal/codegen/codegen.go:345.9,347.53 1 0
github.com/zylo-lang/zylo/internal/codegen/codegen.go:347.53,348.41 1 0
github.com/zylo-lang/zylo/internal/codegen/codegen.go:348.41,349.30 1 0
github.com/zylo-lang/zylo/internal/codegen/codegen.go:349.30,351.39 2 0
github.com/zylo-lang/zylo/internal/codegen/codegen.go:351.39,352.22 1 0
github.com/zylo-lang/zylo/internal/codegen/codegen.go:352.22,354.9 1 0
github.com/zylo-lang/zylo/internal/codegen/codegen.go:355.8,355.34 1 0
github.com/zylo-lang/zylo/internal/codegen/codegen.go:355.34,357.9 1 0
github.com/zylo-lang/zylo/internal/codegen/codegen.go:359.7,360.13 2 0
github.com/zylo-lang/zylo/internal/codegen/codegen.go:366.4,368.36 3 0
github.com/zylo-lang/zylo/internal/codegen/codegen.go:368.36,369.19 1 0
github.com/zylo-lang/zylo/internal/codegen/codegen.go:369.19,371.6 1 0
github.com/zylo-lang/zylo/internal/codegen/codegen.go:372.5,372.31 1 0
github.com/zylo-lang/zylo/internal/codegen/codegen.go:372.31,374.6 1 0
github.com/zylo-lang/zylo/internal/codegen/codegen.go:376.4,376.23 1 0
github.com/zylo-lang/zylo/internal/codegen/codegen.go:378.28,379.32 1 0
github.com/zylo-lang/zylo/internal/codegen/codegen.go:380.29,382.43 1 0
github.com/zylo-lang/zylo/internal/codegen/codegen.go:382.43,383.76 1 0
github.com/zylo-lang/zylo/internal/codegen/codegen.go:383.76,384.34 1 0
github.com/zylo-lang/zylo/internal/codegen/codegen.go:384.34,387.6 2 0
github.com/zylo-lang/zylo/internal/codegen/codegen.go:392.3,394.22 3 0
github.com/zylo-lang/zylo/internal/codegen/codegen.go:394.22,396.4 1 0
github.com/zylo-lang/zylo/internal/codegen/codegen.go:397.3,398.24 2 0
github.com/zylo-lang/zylo/internal/codegen/codegen.go:398.24,400.4 1 0
github.com/zylo-lang/zylo/internal/codegen/codegen.go:401.3,401.29 1 0
github.com/zylo-lang/zylo/internal/codegen/codegen.go:402.27,403.31 1 0
github.com/zylo-lang/zylo/internal/codegen/codegen.go:404.10,406.73 1 0
github.com/zylo-lang/zylo/internal/codegen/codegen.go:411.77,413.29 2 0
github.com/zylo-lang/zylo/internal/codegen/codegen.go:413.29,416.3 2 0
github.com/zylo-lang/zylo/internal/codegen/codegen.go:417.2,417.22 1 0
github.com/zylo-lang/zylo/internal/codegen/codegen.go:421.69,427.29 5 0
github.com/zylo-lang/zylo/internal/codegen/codegen.go:427.29,428.56 1 0
github.com/zylo-lang/zylo/internal/codegen/codegen.go:428.56,430.4 1 0
github.com/zylo-lang/zylo/internal/codegen/codegen.go:433.2,436.29 3 0
github.com/zylo-lang/zylo/internal/codegen/codegen.go:436.29,440.56 3 0
github.com/zylo-lang/zylo/internal/codegen/codegen.go:440.56,442.4 1 0
github.com/zylo-lang/zylo/internal/codegen/codegen.go:444.3,445.22 2 0
github.com/zylo-lang/zylo/internal/codegen/codegen.go:447.2,447.22 1 0
github.com/zylo-lang/zylo/internal/codegen/codegen.go:451.71,455.26 3 0
github.com/zylo-lang/zylo/internal/codegen/codegen.go:455.26,456.53 1 0
github.com/zylo-lang/zylo/internal/codegen/codegen.go:456.53,458.4 1 0
github.com/zylo-lang/zylo/internal/codegen/codegen.go:461.2,465.67 4 0
github.com/zylo-lang/zylo/internal/codegen/codegen.go:465.67,467.40 1 0
github.com/zylo-lang/zylo/internal/codegen/codegen.go:467.40,469.4 1 0
github.com/zylo-lang/zylo/internal/codegen/codegen.go:471.3,471.67 1 0
github.com/zylo-lang/zylo/internal/codegen/codegen.go:471.67,473.4 1 0
github.com/zylo-lang/zylo/internal/codegen/codegen.go:476.2,480.30 3 0
github.com/zylo-lang/zylo/internal/codegen/codegen.go:480.30,484.57 3 0
github.com/zylo-lang/zylo/internal/codegen/codegen.go:484.57,486.4 1 0
github.com/zylo-lang/zylo/internal/codegen/codegen.go:488.3,489.26 2 0
github.com/zylo-lang/zylo/internal/codegen/codegen.go:494.75,496.27 2 0
github.com/zylo-lang/zylo/internal/codegen/codegen.go:496.27,498.3 1 0
github.com/zylo-lang/zylo/internal/codegen/codegen.go:498.8,500.3 1 0
github.com/zylo-lang/zylo/internal/codegen/codegen.go:501.2,501.23 1 0
github.com/zylo-lang/zylo/internal/codegen/codegen.go:505.75,509.43 3 0
github.com/zylo-lang/zylo/internal/codegen/codegen.go:509.43,511.3 1 0
github.com/zylo-lang/zylo/internal/codegen/codegen.go:513.2,514.23 2 0
github.com/zylo-lang/zylo/internal/codegen/codegen.go:518.48,519.32 1 1
github.com/zylo-lang/zylo/internal/codegen/codegen.go:519.32,520.39 1 1
github.com/zylo-lang/zylo/internal/codegen/codegen.go:520.39,522.4 1 1
github.com/zylo-lang/zylo/internal/codegen/codegen.go:524.2,524.26 1 1
github.com/zylo-lang/zylo/internal/codegen/codegen.go:528.35,530.2 1 1
github.com/zylo-lang/zylo/internal/codegen/codegen.go:533.35,534.24 1 1
github.com/zylo-lang/zylo/internal/codegen/codegen.go:534.24,536.3 1 1
github.com/zylo-lang/zylo/internal/codegen/codegen.go:540.75,541.22 1 0
github.com/zylo-lang/zylo/internal/codegen/codegen.go:541.22,543.3 1 0
github.com/zylo-lang/zylo/internal/codegen/codegen.go:545.2,552.39 4 0
github.com/zylo-lang/zylo/internal/codegen/codegen.go:552.39,553.23 1 0
github.com/zylo-lang/zylo/internal/codegen/codegen.go:553.23,555.4 1 0
github.com/zylo-lang/zylo/internal/codegen/codegen.go:558.2,564.68 4 0
github.com/zylo-lang/zylo/internal/codegen/codegen.go:564.68,565.53 1 0
github.com/zylo-lang/zylo/internal/codegen/codegen.go:565.53,566.14 1 0
github.com/zylo-lang/zylo/internal/codegen/codegen.go:566.14,568.6 1 0
github.com/zylo-lang/zylo/internal/codegen/codegen.go:569.5,569.55 1 0
github.com/zylo-lang/zylo/internal/codegen/codegen.go:572.2,578.28 4 0
github.com/zylo-lang/zylo/internal/codegen/codegen.go:578.28,580.42 2 0
github.com/zylo-lang/zylo/internal/codegen/codegen.go:580.42,581.53 1 0
github.com/zylo-lang/zylo/internal/codegen/codegen.go:581.53,582.14 1 0
github.com/zylo-lang/zylo/internal/codegen/codegen.go:582.14,584.6 1 0
github.com/zylo-lang/zylo/internal/codegen/codegen.go:585.5,585.32 1 0
github.com/zylo-lang/zylo/internal/codegen/codegen.go:588.3,588.24 1 0
github.com/zylo-lang/zylo/internal/codegen/codegen.go:591.2,596.38 4 0
github.com/zylo-lang/zylo/internal/codegen/codegen.go:596.38,597.25 1 0
github.com/zylo-lang/zylo/internal/codegen/codegen.go:597.25,598.12 1 0
github.com/zylo-lang/zylo/internal/codegen/codegen.go:601.3,604.45 2 0
github.com/zylo-lang/zylo/internal/codegen/codegen.go:604.45,605.15 1 0
github.com/zylo-lang/zylo/internal/codegen/codegen.go:605.15,607.7 1 0
github.com/zylo-lang/zylo/internal/codegen/codegen.go:608.6,608.56 1 0
github.com/zylo-lang/zylo/internal/codegen/codegen.go:611.3,614.30 2 0
github.com/zylo-lang/zylo/internal/codegen/codegen.go:614.30,616.4 1 0
github.com/zylo-lang/zylo/internal/codegen/codegen.go:618.3,622.25 3 0
github.com/zylo-lang/zylo/internal/codegen/codegen.go:622.25,623.52 1 0
github.com/zylo-lang/zylo/internal/codegen/codegen.go:623.52,625.5 1 0
github.com/zylo-lang/zylo/internal/codegen/codegen.go:628.3,629.26 2 0
github.com/zylo-lang/zylo/internal/codegen/codegen.go:634.76,636.16 1 0
github.com/zylo-lang/zylo/internal/codegen/codegen.go:636.16,638.3 1 0
github.com/zylo-lang/zylo/internal/codegen/codegen.go:640.2,640.25 1 0
github.com/zylo-lang/zylo/internal/codegen/codegen.go:640.25,641.22 1 0
github.com/zylo-lang/zylo/internal/codegen/codegen.go:641.22,643.4 1 0
github.com/zylo-lang/zylo/internal/codegen/codegen.go:644.3,645.23 2 0
github.com/zylo-lang/zylo/internal/codegen/codegen.go:645.23,647.4 1 0
github.com/zylo-lang/zylo/internal/codegen/codegen.go:648.8,649.26 1 0
github.com/zylo-lang/zylo/internal/codegen/codegen.go:649.26,651.23 2 0
github.com/zylo-lang/zylo/internal/codegen/codegen.go:651.23,653.5 1 0
github.com/zylo-lang/zylo/internal/codegen/codegen.go:653.10,655.5 1 0
github.com/zylo-lang/zylo/internal/codegen/codegen.go:656.4,657.24 2 0
github.com/zylo-lang/zylo/internal/codegen/codegen.go:657.24,659.5 1 0
github.com/zylo-lang/zylo/internal/codegen/codegen.go:659.10,661.5 1 0
github.com/zylo-lang/zylo/internal/codegen/codegen.go:662.4,662.23 1 0
github.com/zylo-lang/zylo/internal/codegen/codegen.go:663.9,664.23 1 0
github.com/zylo-lang/zylo/internal/codegen/codegen.go:664.23,666.5 1 0
github.com/zylo-lang/zylo/internal/codegen/codegen.go:666.10,668.5 1 0
github.com/zylo-lang/zylo/internal/codegen/codegen.go:671.4,671.24 1 0
github.com/zylo-lang/zylo/internal/codegen/codegen.go:672.14,673.27 1 0
github.com/zylo-lang/zylo/internal/codegen/codegen.go:674.14,675.27 1 0
github.com/zylo-lang/zylo/internal/codegen/codegen.go:676.13,677.26 1 0
github.com/zylo-lang/zylo/internal/codegen/codegen.go:678.13,679.26 1 0
github.com/zylo-lang/zylo/internal/codegen/codegen.go:680.13,681.26 1 0
github.com/zylo-lang/zylo/internal/codegen/codegen.go:682.13,683.26 1 0
github.com/zylo-lang/zylo/internal/codegen/codegen.go:684.13,685.26 1 0
github.com/zylo-lang/zylo/internal/codegen/codegen.go:686.14,687.27 1 0
github.com/zylo-lang/zylo/internal/codegen/codegen.go:688.14,689.27 1 0
github.com/zylo-lang/zylo/internal/codegen/codegen.go:690.14,691.27 1 0
github.com/zylo-lang/zylo/internal/codegen/codegen.go:692.14,693.27 1 0
github.com/zylo-lang/zylo/internal/codegen/codegen.go:694.12,695.45 1 0
github.com/zylo-lang/zylo/internal/codegen/codegen.go:698.4,698.24 1 0
github.com/zylo-lang/zylo/internal/codegen/codegen.go:698.24,700.5 1 0
github.com/zylo-lang/zylo/internal/codegen/codegen.go:700.10,702.5 1 0
github.com/zylo-lang/zylo/internal/codegen/codegen.go:708.74,710.2 1 0
